[log: 2021-01-01-15-09-49] スタートします
[log: 2021-01-01-15-10-26] 0件目成功 : 作業ログの取得ツールの作成
[log: 2021-01-01-15-10-27] 1件目成功 : 【MT4/MQL4】単体でMT4からLINEに通知するインジケーターの作成
[log: 2021-01-01-15-10-27] 2件目成功 : 会員サイト内からデータを抽出するWebスクレイピングツールの作成
[log: 2021-01-01-15-10-32] 3件目成功 : 作業ログの取得ツールの作成
[log: 2021-01-01-15-10-33] クラウドワークス最終ページです。
[log: 2021-01-01-15-10-54] 4件目失敗 : 限定公開
限定公開の仕事
[log: 2021-01-01-15-10-54] list index out of range
[log: 2021-01-01-15-10-57] 5件目成功 : 初回
【WordPress】日本酒を作っている老舗酒造のHP制作(topページのみ)
[log: 2021-01-01-15-10-57] 6件目成功 : 当社製品紹介サイトの作成
[log: 2021-01-01-15-10-58] 7件目成功 : WordPressによる学習塾HPの作成（新規全17ページ／1月末納品希望）
[log: 2021-01-01-15-10-58] 8件目成功 : NEW
ホームページのコーディング(レスポンシブ)
[log: 2021-01-01-15-10-58] 9件目成功 : 2回目
新規小児科クリニックのホームページ作成
[log: 2021-01-01-15-10-59] 10件目成功 : 2回目
PR
営業代行企業のLP制作者募集
[log: 2021-01-01-15-11-00] 11件目成功 : 本出版のランディングページ制作およびコーディング
[log: 2021-01-01-15-11-02] 12件目失敗 : NEW
限定公開
限定公開の仕事
[log: 2021-01-01-15-11-02] list index out of range
[log: 2021-01-01-15-11-09] 13件目成功 : 初回
女性向けセレクトショップのホームページ作成
[log: 2021-01-01-15-11-09] 14件目成功 : 2回目
営業代行企業のLP制作者募集
[log: 2021-01-01-15-11-10] 15件目成功 : 初回
ロボット・プログラミング教室のランディングページ制作者様募集【フルリモートOK】
[log: 2021-01-01-15-11-11] 16件目成功 : 酵素ドリンクのランディングページ制作 をお願いいたします。
[log: 2021-01-01-15-11-21] 17件目成功 : NEW
XDで起こしたデザインをWordPressにて構築していただける方(コーディングのみ)
[log: 2021-01-01-15-11-27] 18件目成功 : NEW
システム開発会社のwordpressでのHP制作のご依頼
[log: 2021-01-01-15-11-36] 19件目成功 : NEW
不動産投資セミナーのランディングページ（LP）制作
[log: 2021-01-01-15-11-36] 20件目成功 : 3回目
急募
テンプレートを用いたWordPressでのHP制作
[log: 2021-01-01-15-11-38] 21件目成功 : マッチングサイトの開発
[log: 2021-01-01-15-11-39] 22件目成功 : 3回目
不動産情報サイトの構築
[log: 2021-01-01-15-11-39] 23件目成功 : NEW
2回目
コンサルティングのランディングページ
[log: 2021-01-01-15-11-39] 24件目成功 : NEW
台湾食器メーカーの公式HP作成、ECサイト構築（日本向け）
[log: 2021-01-01-15-11-39] 25件目失敗 : 限定公開
限定公開の仕事
[log: 2021-01-01-15-11-39] list index out of range
[log: 2021-01-01-15-11-40] 26件目成功 : NEW
注目
あきばれで作ったホームページのリメイク
[log: 2021-01-01-15-11-41] 27件目成功 : NEW
スマホ向けランディングページ制作のご依頼（１ページ）
[log: 2021-01-01-15-11-42] 28件目成功 : 【継続受注可能な方】フロントコーダー募集
[log: 2021-01-01-15-11-42] 29件目成功 : 【継続・高単価】コンサルティング企業のLP（ランディングページ）制作
[log: 2021-01-01-15-11-46] 30件目成功 : NEW
【スカルプ青汁】の記事LP作成
[log: 2021-01-01-15-11-47] 31件目成功 : NEW
2回目
【再依頼】食肉加工卸売の会社のコーポレートサイトリニューアル
[log: 2021-01-01-15-11-50] 32件目成功 : NEW
【赤坂/週1来社あり】webデザイン制作・webサイト制作・LP制作のできる方を募集！【中長期】
[log: 2021-01-01-15-11-54] 33件目成功 : 初回
継続案件有:女性向けファッションEC「和風ルームウェア」の雑誌風LPデザインをお願いします
[log: 2021-01-01-15-12-33] 34件目成功 : 2回目
ノーコード（プログラミングレス）環境のUIデザイン、イラスト作成
[log: 2021-01-01-15-12-34] 35件目成功 : 観光系ARアプリのUIデザイン（iPhone）
[log: 2021-01-01-15-12-37] 36件目成功 : NEW
包丁販売サイト（shopify）コーディング（レスポンシブ対応）
[log: 2021-01-01-15-12-37] 37件目成功 : NEW
初回
wordpressマルチサイトをシングルサイトに変更できる方を探しています
[log: 2021-01-01-15-12-37] 38件目成功 : NEW
急募
ツケ払いファクタリングのホームページ作成
[log: 2021-01-01-15-12-37] 39件目成功 : 初回
一部上場企業のWebサイトリニューアルにおけるWebディレクション
[log: 2021-01-01-15-12-37] 40件目成功 : 2回目
福祉施設の求人用Webサイト制作（STUDIOを使用）
[log: 2021-01-01-15-12-37] 41件目成功 : NEW
既存のセールスレターをオートSNS内で再構築できる方募集（デザイン・コーディング）
[log: 2021-01-01-15-12-37] 42件目成功 : NEW
再募集◇企業サイトLPのコーディング、デザイン（構成あり）
[log: 2021-01-01-15-12-37] 43件目成功 : NEW
急募！【レスポンシブ対応】LPサイト｜デザイン・コーディング依頼
[log: 2021-01-01-15-12-37] 44件目成功 : NEW
注目
ShopifyのShogunを使用したランディングページ制作（１ページ）
[log: 2021-01-01-15-12-38] 45件目成功 : コーディング 指示書作成(スプレットシート)
[log: 2021-01-01-15-12-38] 46件目成功 : ECサイトの商品ページの商品撮影・画像制作
[log: 2021-01-01-15-12-38] 47件目成功 : 【継続受注可能な方】WEBサイト/LPデザイン デザイナー募集
[log: 2021-01-01-15-12-38] 48件目成功 : NEW
ZOOM + pring のサービス概要調査
[log: 2021-01-01-15-12-38] ランサーズ最終ページです。
[log: 2021-01-01-15-12-39] 処理完了 成功件数: 46 件 / 失敗件数: 3 件
