[log: 2021-01-02-01-18-23] スタートします
[log: 2021-01-02-01-19-00] 0件目成功 : 【毎月4～20万円、時給1,200円～】誇れる特殊スキルをお持ちの方！時給制で一緒に作業を行いましょう！２
[log: 2021-01-02-01-19-01] 1件目成功 : Facebook APIを利用したシステム開発の経験ある人求む！！！！
[log: 2021-01-02-01-19-01] 2件目成功 : 【情報リサーチ】クレジットカードの有効期限切れで新カードに変えても月次決済を継続できる決済代行システム
[log: 2021-01-02-01-19-02] 3件目成功 : 顧客SNSパスワードの暗号化受信及びシステムへのパスワード復号化
[log: 2021-01-02-01-19-03] 4件目成功 : Laravel-AdminのCSVの文字化け修正
[log: 2021-01-02-01-19-04] 5件目成功 : 「サイト構築・ウェブ開発」のお仕事のご相談
[log: 2021-01-02-01-19-08] 6件目成功 : オンラインサイトのバリアントコードを調べるツール作成
[log: 2021-01-02-01-19-23] 7件目成功 : Rails アプリケーションの開発
[log: 2021-01-02-01-19-25] 7件目成功 : NEW
青色申告(複式簿記)サポートお願いします。
[log: 2021-01-02-01-19-30] 9件目成功 : NEW
原稿に合わせたプレゼン用パワポ資料作成
[log: 2021-01-02-01-19-32] 10件目成功 : NEW
【800名程】業務委託スタッフの業務委託費計算
[log: 2021-01-02-01-19-33] 11件目成功 : 2回目
【5000文字/1記事1万円✕2】法人向けマーケティングツールに関する記事ライティング
[log: 2021-01-02-01-19-36] 12件目成功 : 【急募】BUYMAの商品登録をお願いします【未経験者OK】(スキマ時間で！）
[log: 2021-01-02-01-19-38] 13件目成功 : 領収書・請求書の仕訳、記帳代行五（弊社来社希望）
[log: 2021-01-02-01-19-39] 14件目成功 : NEW
ある製品を全く同じサイズで造れる方を募集します。
[log: 2021-01-02-01-19-39] 15件目成功 : 2回目
運用商品(Indeed,Google広告,Yhoo広告/金融商品etc...)の自動運用ロジック生成
[log: 2021-01-02-01-19-39] 16件目成功 : 【ライティング学びたい方必見‼︎】ライティング技術を学びながら、記事作成ができる仕事です!
[log: 2021-01-02-01-19-40] 17件目成功 : NEW
海外買い付け・発送パートナーさん大募集！！
[log: 2021-01-02-01-19-40] 18件目成功 : 初回
【高報酬】オフィスの片付けを時給2500円前後でご依頼！！【副業】
[log: 2021-01-02-01-19-40] 19件目成功 : 契約書作成サポート等、法務業務【高報酬】
[log: 2021-01-02-01-19-40] 20件目成功 : 隙間時間での簡単作業！バイマの出品作業をお手伝いしてくださる方！
[log: 2021-01-02-01-19-40] 21件目成功 : NEW
★主婦さん大歓迎★！在宅ワーク！ネットサイトでの商品発送のお手伝い、やる気ある方募集です。
[log: 2021-01-02-01-19-40] 22件目成功 : NEW
薬局、ドラッグストアにて就業経験のある方ヒアリングさせてください。
[log: 2021-01-02-01-19-41] 23件目成功 : NEW
【固定報酬】メイク上手な方、募集してます！
[log: 2021-01-02-01-19-41] 23件目成功 : インターネットビジネスのコンサル希望の仕事
[log: 2021-01-02-01-19-41] 25件目成功 : 契約書作成サポート等、法務業務【高報酬】
[log: 2021-01-02-01-19-41] 26件目成功 : 海外買い付け・発送パートナーさん大募集！！
[log: 2021-01-02-01-19-41] 27件目成功 : 契約書作成サポート等、法務業務【高報酬】
[log: 2021-01-02-01-19-41] 28件目成功 : NEW
行政書士の資格勉強と開業について
[log: 2021-01-02-01-19-41] 29件目成功 : NEW
【オーストラリア在住の方限定】買付け代行と発送のお仕事
[log: 2021-01-02-01-19-41] 27件目成功 : 自社新規事業のシステム開発（バックエンド）
[log: 2021-01-02-01-19-41] 30件目成功 : 葬儀会社にお勤め経験のある方、関東圏でDIY葬のサポートをお願いします。
[log: 2021-01-02-01-19-41] 31件目成功 : NEW
2回目
【ペットサービス総合受付業務】【英語対応】【9時～18時在宅】
[log: 2021-01-02-01-19-42] 32件目成功 : 【完全自由!】AMAZONでのショップ運営サポートスタッフ募集!
[log: 2021-01-02-01-19-42] 33件目成功 : NEW
在宅でできるショップ運営の秘書のお仕事【評価制度有り】
[log: 2021-01-02-01-19-42] 35件目成功 : NEW
隙間時間での簡単作業！バイマの出品作業をお手伝いしてくださる方！
[log: 2021-01-02-01-19-42] 36件目成功 : NEW
初回
【経験者優遇】歯科医院のコンサルティングをお願いできる方募集
[log: 2021-01-02-01-19-42] 37件目成功 : SNSサービスの開発依頼
[log: 2021-01-02-01-19-42] 38件目成功 : NEW
瞑想音楽の作曲
[log: 2021-01-02-01-19-42] 39件目成功 : NEW
隙間時間での簡単作業！バイマの出品作業をお手伝いしてくださる方！
[log: 2021-01-02-01-19-42] 40件目成功 : NEW
アメリカのアマゾンでのメーカーによる販売のコンサルとサポート
[log: 2021-01-02-01-19-42] 41件目成功 : 企業Webサイトの静的ページコーディング
[log: 2021-01-02-01-19-42] 42件目成功 : くじ引き要素のあるECサイト構築
[log: 2021-01-02-01-19-43] 43件目成功 : 自社不動産事業ウェブサイトのグーグルアナリティクスの分析、SEO対策のアドバイス業務
[log: 2021-01-02-01-19-43] 44件目成功 : アマゾンからデータ抽出してスプレッドシートもしくはCSVに出力できるソフト開発
[log: 2021-01-02-01-19-43] 45件目成功 : 【フルリモート案件/継続依頼あり】仕事の悩みを解決するためのWebサービス（SaaS）の開発
[log: 2021-01-02-01-19-44] 46件目成功 : 【業務委託】完全リモートのエンジニア募集！
[log: 2021-01-02-01-19-44] 47件目成功 : angularを使用したSPAでのコーポレートサイト実装　Web構築
[log: 2021-01-02-01-19-44] 48件目成功 : JavaScriptで積立投資信託シミュレーションシステムの構築
[log: 2021-01-02-01-19-45] 49件目成功 : ツイッターの自動化ツールの開発をお願いします。
[log: 2021-01-02-01-19-45] 50件目成功 : C＃で作成した基幹システム（在庫管理）のリプレイス
[log: 2021-01-02-01-19-45] 51件目成功 : 変動幅型のナンピンEAの作成依頼。
[log: 2021-01-02-01-19-45] 52件目成功 : Laravel（PHP）とJavaScriptでのWebアプリ開発案件
[log: 2021-01-02-01-19-46] 53件目成功 : 現サイト（WordPress+EC-CUBE2.12）をEC-CUBE4へ移行
[log: 2021-01-02-01-19-46] 54件目成功 : 「サイト構築・ウェブ開発」のご相談です
[log: 2021-01-02-01-19-46] 55件目成功 : 中国語が得意な人・好きな人方歓迎　主婦さん歓迎　服が好きな人大歓迎
[log: 2021-01-02-01-19-46] 56件目成功 : 作業ログの取得ツールの作成
[log: 2021-01-02-01-19-47] 57件目成功 : 不動産投資型のクラウドファンディングサイト・システムの開発
[log: 2021-01-02-01-19-47] 58件目成功 : 【Zoomyテーマの改良】プロフィールページにコメント一覧・いいね一覧のタブを追加
[log: 2021-01-02-01-19-47] 59件目成功 : Amazon SP-API、MWS用に開発者カウント取得のお手伝い
[log: 2021-01-02-01-19-47] 60件目成功 : 特定URLの自動巡回ツールの開発
[log: 2021-01-02-01-19-47] 61件目成功 : Oracleサーバーの構築・管理(運用)
[log: 2021-01-02-01-19-47] 62件目成功 : ブックメーカーの自動ツール開発
[log: 2021-01-02-01-19-48] 63件目成功 : ネットワークセキュリティ基礎に係るeラーニング講師のご依頼
[log: 2021-01-02-01-19-48] 64件目成功 : サイバーセキュリティのためのウェブアプリケーション基礎のeラーニング講師を募集
[log: 2021-01-02-01-19-48] 65件目成功 : ウェブアプリケーションの標的型攻撃の基礎知識に係るeラーニング講師を募集
[log: 2021-01-02-01-19-48] 66件目成功 : IOTのサイバーセキュリティ基礎に係るeラーニング講師のご依頼
[log: 2021-01-02-01-19-48] 67件目成功 : MT4自動売買EAの作成依頼、又は買取
[log: 2021-01-02-01-19-48] 68件目成功 : 仮想通貨 mmbot 作成依頼
[log: 2021-01-02-01-19-48] 69件目成功 : 【完全在宅/副収入◎/教育】Ruby学習をサポートするメンター（講師）業務の募集！
[log: 2021-01-02-01-19-49] 70件目成功 : gmailとチャットワーク、dropbox連携システム
[log: 2021-01-02-01-19-49] 71件目成功 : 不動産情報検索サイトの構築
[log: 2021-01-02-01-19-49] 72件目成功 : 簡単なDB検索と作図サイトの改修
[log: 2021-01-02-01-19-49] 73件目成功 : ASP スマホアプリトラッキング機能の追加開発
[log: 2021-01-02-01-19-49] 74件目成功 : 競輪勝率予想プログラミング
[log: 2021-01-02-01-19-49] 75件目成功 : AWS、WordPress、Laravelで構築されたWebサイトの保守運用
[log: 2021-01-02-01-19-50] 76件目成功 : リンク遷移時にロード画面を表示する機能・絞り込み検索の結果を並び替える機能の開発【WordPress埋め込み】
[log: 2021-01-02-01-19-50] 77件目成功 : 動画配信CMSの改修
[log: 2021-01-02-01-19-50] 78件目成功 : EC-CUBE のカスタマイズ
[log: 2021-01-02-01-19-50] 79件目成功 : ブラウザ版のTikTok動画を保存出来るシステムの開発
[log: 2021-01-02-01-19-50] 80件目成功 : ECサイトで売れた商品の発送先印刷自動化のプログラム構築
[log: 2021-01-02-01-19-50] 81件目成功 : Twitter API を用いてキーワード検索で引っかかった投稿をリスト化
[log: 2021-01-02-01-20-07] 82件目成功 : Facebook APIを利用したシステム開発の経験ある人求む！！！！
[log: 2021-01-02-01-20-21] 83件目成功 : 【毎月4～20万円、時給1,200円～】誇れる特殊スキルをお持ちの方！時給制で一緒に作業を行いましょう！２
[log: 2021-01-02-01-20-21] 83件目成功 : NEW
隙間時間での簡単作業！バイマの出品作業をお手伝いしてくださる方！
[log: 2021-01-02-01-20-22] 85件目成功 : NEW
海外買い付け・発送パートナーさん大募集！！
[log: 2021-01-02-01-20-23] 86件目成功 : 隙間時間での簡単作業！バイマの出品作業をお手伝いしてくださる方！
[log: 2021-01-02-01-20-23] 86件目成功 : ◆長期契約で報酬1万円以上【報酬固定・完全在宅・内職】未経験者歓迎!Amazonへ納品、梱包
[log: 2021-01-02-01-20-23] 88件目成功 : 3回目
【急募】毛髪メディアのアドバイザー【資格必須：毛髪診断士】
[log: 2021-01-02-01-20-24] 89件目成功 : 隙間時間での簡単作業！バイマの出品作業をお手伝いしてくださる方！
[log: 2021-01-02-01-20-24] 90件目成功 : 隙間時間での簡単作業！バイマの出品作業をお手伝いしてくださる方！
[log: 2021-01-02-01-20-24] 91件目成功 : NEW
【完全在宅　主婦さん♪】ファッションサイトBUYMA運営サポート♡秘書/ カスタマー対応/ 隙間時間
[log: 2021-01-02-01-20-24] 92件目成功 : 契約書作成サポート等、法務業務【高報酬】
[log: 2021-01-02-01-20-24] 93件目成功 : 隙間時間での簡単作業！バイマの出品作業をお手伝いしてくださる方！
[log: 2021-01-02-01-20-24] 94件目成功 : 【在宅作業！】AMAZONのショップ運営スタッフ募集！
[log: 2021-01-02-01-20-24] 95件目成功 : NEW
【勉強した英語力活かしませんか？完全在宅・海外在住者OK・主婦さん大歓迎】英語圏のアパレル店舗に電話
[log: 2021-01-02-01-20-24] 96件目成功 : 契約書作成サポート等、法務業務【高報酬】
[log: 2021-01-02-01-20-24] 93件目成功 : AWS、WordPress、Laravelで構築されたWebサイトの保守運用
[log: 2021-01-02-01-20-24] 97件目成功 : 【在宅作業！】AMAZONのショップ運営スタッフ募集！
[log: 2021-01-02-01-20-24] 99件目成功 : ～アパレルECショップ簡単作業（データ入力と画像加工）
[log: 2021-01-02-01-20-24] 100件目成功 : 葬儀会社にお勤め経験のある方、関東圏でDIY葬のサポートをお願いします。
[log: 2021-01-02-01-20-24] 101件目成功 : 海外買い付け・発送パートナーさん大募集！！
[log: 2021-01-02-01-20-24] 101件目成功 : 【急募】弊社就労継続支援施設の業務支援｜サービス管理責任者業務サポートの募集
[log: 2021-01-02-01-20-24] 103件目成功 : 3回目
【長期歓迎】在宅での秘書・庶務のお仕事※副業可
[log: 2021-01-02-01-20-24] 104件目成功 : 変動幅型のナンピンEAの作成依頼。
[log: 2021-01-02-01-20-25] 105件目成功 : Laravel（PHP）とJavaScriptでのWebアプリ開発案件
[log: 2021-01-02-01-20-25] 106件目成功 : 現サイト（WordPress+EC-CUBE2.12）をEC-CUBE4へ移行
[log: 2021-01-02-01-20-25] 107件目成功 : くじ引き要素のあるECサイト構築
[log: 2021-01-02-01-20-26] 108件目成功 : 【業務委託】完全リモートのエンジニア募集！
[log: 2021-01-02-01-20-26] ランサーズ最終ページです。
[log: 2021-01-02-01-20-26] 109件目成功 : angularを使用したSPAでのコーポレートサイト実装　Web構築
[log: 2021-01-02-01-20-26] 110件目成功 : 【フルリモート案件/継続依頼あり】仕事の悩みを解決するためのWebサービス（SaaS）の開発
[log: 2021-01-02-01-20-27] 111件目成功 : 【情報リサーチ】クレジットカードの有効期限切れで新カードに変えても月次決済を継続できる決済代行システム
[log: 2021-01-02-01-20-27] 112件目成功 : ArtGridから、ジャンルごとに動画素材をダウンロードし、googleドライブにアップロードする
[log: 2021-01-02-01-20-27] 113件目成功 : 新規ウィジェットの追加
[log: 2021-01-02-01-20-27] 114件目成功 : 【MT4/MQL4】単体でMT4からLINEに通知するインジケーターの作成
[log: 2021-01-02-01-20-27] 115件目成功 : RPA・ディープラーニング・AIのコーチ
[log: 2021-01-02-01-20-27] 116件目成功 : 【 Laravel 】勤務実績管理のシステム補修
[log: 2021-01-02-01-20-28] 117件目成功 : 【急募！】写真フォルダからのエクセルファイル転送用マクロ構築【要スキル！】
[log: 2021-01-02-01-20-28] 118件目成功 : 事業細分化に伴うアクセス数が取れるサイトの作成
[log: 2021-01-02-01-20-28] 119件目成功 : 夜間・在宅でのお仕事　Salesforceエンジニア求む！
[log: 2021-01-02-01-20-28] 120件目成功 : サイトの表示速度改善
[log: 2021-01-02-01-20-28] 121件目成功 : 翻訳システム開発ヘルプ募集（オブザーバー）
[log: 2021-01-02-01-20-28] 122件目成功 : 観光業（飲食、物販、運送、写真館）既存HP,ECに追加で宝くじ機能を追加
[log: 2021-01-02-01-20-28] 123件目成功 : ワードプレス（メニューのみ）
[log: 2021-01-02-01-20-29] 124件目成功 : 【至急】楽天サイトのカート不具合の解消・構築依頼
[log: 2021-01-02-01-20-29] 125件目成功 : 【完全在宅/副収入◎/教育】 Python/AI学習をサポートするメンター（講師）業務の募集！（※Pythonのみ応募も可）
[log: 2021-01-02-01-20-29] 126件目成功 : 【競馬】日刊コンピの分析について #日刊スポーツ
[log: 2021-01-02-01-20-29] 127件目成功 : CMSに沿ったデザイン案件
[log: 2021-01-02-01-20-29] 128件目成功 : Pythonを使ったシステムの作り方を教えてください。
[log: 2021-01-02-01-20-29] 129件目成功 : Railsアプリの実装を手伝ってくださる方
[log: 2021-01-02-01-20-29] 130件目成功 : インフルエンサーの管理システムについて
[log: 2021-01-02-01-20-30] 131件目成功 : 【Excel制作】海外発送の料金比較表の作成！【安い郵送方法の算出】【見積もり希望】【追加依頼あり】
[log: 2021-01-02-01-20-30] 132件目成功 : マッチングサイト構築案件
[log: 2021-01-02-01-20-30] 133件目成功 : 講師急募！SAP Basis の研修
[log: 2021-01-02-01-20-30] 134件目成功 : 野球データ系YouTubeチャンネルのデータ収集とエクセル作成
[log: 2021-01-02-01-20-30] 135件目成功 : 【急募】関税計算ツール【スプレッドシート】
[log: 2021-01-02-01-20-30] 136件目成功 : Excel帳簿管理シート作成　オンライン物販作業代行業者向け　配送料、代行依頼費、雑費等入力
[log: 2021-01-02-01-20-31] 137件目成功 : フル在宅　進行管理　コミュニケーション多め　出版社公式YouTube運営
[log: 2021-01-02-01-20-31] 138件目成功 : stripe elementsを用いたspaの修正
[log: 2021-01-02-01-20-31] 139件目成功 : 【Webおよびリモートデスクトップ上での3～5時間の作業＆アンケート】Javaによる実務経験3年以上の方、追加募集
[log: 2021-01-02-01-20-31] 140件目成功 : ローカルの指定ディレクトリにある全てのファイルのパスを取得する関数を書いてください
[log: 2021-01-02-01-20-31] 141件目成功 : ソフトフォンの設定作業　3CXまたはZoiper（ゾイパー）
[log: 2021-01-02-01-20-31] 142件目成功 : 中国語が得意な人・好きな人方歓迎　主婦さん歓迎　服が好きな人大歓迎
[log: 2021-01-02-01-20-32] 143件目成功 : CtoCのサイト構築パッケージ「Mallento」のカスタマイズ
[log: 2021-01-02-01-20-32] 144件目成功 : コンサルティング会社ウェブサイト作成
[log: 2021-01-02-01-20-32] 145件目成功 : メルマガシステム
[log: 2021-01-02-01-20-32] 146件目成功 : MT4におけるティックデータを使った通貨の強弱を表すインジケーター作成
[log: 2021-01-02-01-20-32] 147件目成功 : システムエンジニア（SE・PG）募集
[log: 2021-01-02-01-20-32] 148件目成功 : 作業ログ取得ツールの作成
[log: 2021-01-02-01-20-33] 149件目成功 : 飲食店向けのECサイト開発（①顧客がスマホで注文②注文内容をキッチンプリンタへ連携③QRコード決済）
[log: 2021-01-02-01-20-33] 150件目成功 : 海外の通販サイトから商品情報を取得しCSVで納品してくれる方を募集します。
[log: 2021-01-02-01-20-33] 151件目成功 : Filemakerでの開発
[log: 2021-01-02-01-20-39] 152件目成功 : Facebook APIを利用したシステム開発の経験ある人求む！！！！
[log: 2021-01-02-01-20-39] 153件目成功 : 【毎月4～20万円、時給1,200円～】誇れる特殊スキルをお持ちの方！時給制で一緒に作業を行いましょう！２
[log: 2021-01-02-01-20-39] 154件目成功 : 作業ログ取得ツールの作成
[log: 2021-01-02-01-20-40] 155件目成功 : 飲食店向けのECサイト開発（①顧客がスマホで注文②注文内容をキッチンプリンタへ連携③QRコード決済）
[log: 2021-01-02-01-20-40] 156件目成功 : 作業ログの取得ツールの作成
[log: 2021-01-02-01-20-40] 157件目成功 : 【急募】短縮URL制作とリンク切れ時の表示URLの一括変更ソフト制作　単体ソフト
[log: 2021-01-02-01-20-40] 158件目成功 : 【デザインを一部含みます】既存作成の情報サイト(WordPressで管理)に業界カオスマップのページを1ページ...
[log: 2021-01-02-01-20-40] 159件目成功 : Shopifyアプリ開発のPM／ブリッジエンジニア（要件定義、進捗管理、テストなど）
[log: 2021-01-02-01-20-40] 160件目成功 : Instagram APIを使ったシステム開発
[log: 2021-01-02-01-20-40] 161件目成功 : FAQプラットフォーム discourseの構築
[log: 2021-01-02-01-20-41] 162件目成功 : 海外の通販サイトから商品情報を取得しCSVで納品してくれる方を募集します。
[log: 2021-01-02-01-20-41] 163件目成功 : PageSpeed Insightsで100点を目指したい！
[log: 2021-01-02-01-20-41] 164件目成功 : Ui Pathを使ったECサイトの受注管理・発注業務の自動化にご協力頂ける方を探しております。
[log: 2021-01-02-01-20-41] 165件目成功 : オンラインカジノ自動化ツール作成の依頼
[log: 2021-01-02-01-20-41] 166件目成功 : 学習塾の一括請求サイトのシステム開発について
[log: 2021-01-02-01-20-41] 167件目成功 : AutoHotKeyの活用方法をお教えください
[log: 2021-01-02-01-20-41] 168件目成功 : YouTubeから広告の情報を自動収集するツールの作成
[log: 2021-01-02-01-20-42] 169件目成功 : 主婦おすすめ！ BUYMAの出品登録のみ＾＾簡単作業⭐️
[log: 2021-01-02-01-20-42] 170件目成功 : xserverサーバー復旧までの作業 仕事の概要
[log: 2021-01-02-01-20-42] 171件目成功 : 中国語が得意な人・好きな人方歓迎　主婦さん歓迎　服が好きな人大歓迎
[log: 2021-01-02-01-20-42] 172件目成功 : [AdminLTE PHP] Web管理画面の調整 (FWTY)
[log: 2021-01-02-01-20-42] 173件目成功 : Filemakerでの開発
[log: 2021-01-02-01-20-42] 174件目成功 : CGM系のサービスでキャンペーン機能やタイアップ関連機能を実装されたことがある方
[log: 2021-01-02-01-20-42] 175件目成功 : 独自の予約システム開発（既存サービスのカスタマイズでもｏｋ）
[log: 2021-01-02-01-20-43] 176件目成功 : シェアリングエコノミー型人材マッチングプラットフォームの開発
[log: 2021-01-02-01-20-43] 177件目成功 : （リモート可）LaravelでSaaS系ツール開発をしたいエンジニアの方　※ 週３以上可能な方歓迎
[log: 2021-01-02-01-20-43] 178件目成功 : WIX Storeに星付きレビューとコメント、販売数の表示機能の依頼
[log: 2021-01-02-01-20-43] 179件目成功 : システム会社の実態を教えてください。
[log: 2021-01-02-01-20-43] 180件目成功 : セールスフォースの機能の整理
[log: 2021-01-02-01-20-43] 181件目成功 : スプレッドシートからhtmlファイルを自動生成する仕組みを構築できる方を募集します
[log: 2021-01-02-01-20-43] 182件目成功 : オリジナルデザイングッズのシミュレータシステム開発
[log: 2021-01-02-01-20-44] 183件目成功 : instagram 分析用　スクレイピングツール
[log: 2021-01-02-01-20-44] 184件目成功 : LaravelでTurboLinksを使って擬似SPA化をされたことがある方にアドバイスを頂きたいです
[log: 2021-01-02-01-20-44] 185件目成功 : 楽天市場における在庫監視ツールの作成(入荷通知)
[log: 2021-01-02-01-20-44] 186件目成功 : Googleスライドの自動印刷プログラムの作成
[log: 2021-01-02-01-20-44] 187件目成功 : twitter分析ページ作成
[log: 2021-01-02-01-20-44] 188件目成功 : マッチングサイト
[log: 2021-01-02-01-20-44] 189件目成功 : サイバーインテリジェンスに係るeラーニング講師のご依頼
[log: 2021-01-02-01-20-45] 190件目成功 : スクレイピングツールの開発
[log: 2021-01-02-01-20-45] 191件目成功 : フリーランスエンジニアで稼いでいる方への取材依頼！
[log: 2021-01-02-01-20-45] 192件目成功 : pluginの作製
[log: 2021-01-02-01-20-45] 193件目成功 : ウェブサービス、スマホアプリのテスター募集
[log: 2021-01-02-01-20-45] 194件目成功 : マッチングサイトパッケージのカスタマイズ、デザインとコーディング、アプリ
[log: 2021-01-02-01-20-45] 195件目成功 : 「サイト構築・ウェブ開発」のお仕事のご相談
[log: 2021-01-02-01-20-45] 196件目成功 : 時計のカスタムメイドのシュミレーションサイト構築
[log: 2021-01-02-01-20-46] 197件目成功 : 自社新規事業のシステム開発（フロント）
[log: 2021-01-02-01-20-46] 198件目成功 : EA・自動売買システムの開発
[log: 2021-01-02-01-20-46] 199件目成功 : 【プロ限定】メールに添付のデータを会員サイトで特定の会員だけに表示するソフト制作依頼
[log: 2021-01-02-01-20-46] 200件目成功 : wordpress のフォームと　Paid決済（BtoB決済）の連携
[log: 2021-01-02-01-20-46] 201件目成功 : Webシステムのペネトレーションテスト、脆弱性診断等に係るeラーニングの講師のご依頼
[log: 2021-01-02-01-20-46] 202件目成功 : 無線ネットワークの脆弱性診断に係るeラーニングの講師のご依頼
[log: 2021-01-02-01-20-47] 203件目成功 :  UTM導入・運用基礎に係るeラーニングコース講師のご依頼
[log: 2021-01-02-01-20-52] 204件目成功 : 【毎月4～20万円、時給1,200円～】誇れる特殊スキルをお持ちの方！時給制で一緒に作業を行いましょう！２
[log: 2021-01-02-01-20-52] 205件目成功 : Facebook APIを利用したシステム開発の経験ある人求む！！！！
[log: 2021-01-02-01-20-52] 206件目成功 : テレワークとサイバーセキュリティに係るeラーニング講師のご依頼
[log: 2021-01-02-01-20-52] 207件目成功 : DVWA（オープンサイト）を利用したWebシステムの標的型攻撃の実習に係るeラーニングの講師のご依頼
[log: 2021-01-02-01-20-52] 208件目成功 : リバースプロキシについての質問【20分2000円】
[log: 2021-01-02-01-20-52] 209件目成功 : 【急募】Javaサブ講師
[log: 2021-01-02-01-20-53] 210件目成功 : 弊社で抱えているwebシステム開発にご協力いただけるエンジニアを募集します
[log: 2021-01-02-01-20-53] 211件目成功 : Amazon S3互換ストレージでのアクセス制限（ポリシーの設定等）
[log: 2021-01-02-01-20-53] 212件目成功 : 【Googleアナリティクス】アドオンを使った情報自動取得の生成
[log: 2021-01-02-01-20-53] 213件目成功 : WindowsのDirectX9で動いていたソースコードをDirectX12に書き直すだけのお仕事です。
[log: 2021-01-02-01-20-53] 214件目成功 : Instagram apiを用いたダッシュボード開発
[log: 2021-01-02-01-20-53] 215件目成功 : MT4の注文発注ツールの作成依頼
[log: 2021-01-02-01-20-53] 216件目成功 : 『簡易システム』Instagramリールの保存機能
[log: 2021-01-02-01-20-54] 217件目成功 : 【報酬要相談】ショッピングサイトから商品データ抽出のシステム開発
[log: 2021-01-02-01-20-54] 218件目成功 : ヤフオクの出品ツールの修正をして頂ける方！
[log: 2021-01-02-01-20-54] 219件目成功 : グーグルスプレッドシートの自動計算
[log: 2021-01-02-01-20-54] 220件目成功 : Excel VBAを使ったWEBサイトの自動画面推移ツールの開発
[log: 2021-01-02-01-20-54] 221件目成功 : 動画配信サービスの作成
[log: 2021-01-02-01-20-54] 222件目成功 : 翻訳システム開発のヘルプ募集
[log: 2021-01-02-01-20-54] 223件目成功 : オンライン校正＋辞書登録
[log: 2021-01-02-01-20-55] 224件目成功 : perlで作られたフリーCGIをPHPで書き換え
[log: 2021-01-02-01-20-55] 225件目成功 : ASPシステムエラーの改善（アフィリエイトサービスプロバイダ）
[log: 2021-01-02-01-20-55] 226件目成功 : 自社ウェブサイトのSEO対策のアドバイス業務
[log: 2021-01-02-01-20-55] 227件目成功 : 会員サイト内からデータを抽出するWebスクレイピングツールの作成
[log: 2021-01-02-01-20-55] 228件目成功 : マッチングサイト
[log: 2021-01-02-01-20-55] 229件目成功 : AWS S3のコスト削減
[log: 2021-01-02-01-20-55] 230件目成功 : シェアリングエコノミー系のサイト構築
[log: 2021-01-02-01-20-56] 231件目成功 : ★報酬30万円！ECサイトの自動出品ツール開発
[log: 2021-01-02-01-20-56] 232件目成功 : 会員サイトのシステム開発の依頼
[log: 2021-01-02-01-20-56] 233件目成功 : 塾経営においての予約管理システムの制作依頼
[log: 2021-01-02-01-20-56] 234件目成功 : 法人リスト自動リストアップサイト
[log: 2021-01-02-01-20-56] 235件目成功 : Tiktok自動化ツール
[log: 2021-01-02-01-20-56] 236件目成功 : SNSサービスの開発依頼
[log: 2021-01-02-01-20-57] 237件目成功 : WEB上カップリング投票システム！cookie等を用いた合コン街コン婚活パーティでのカップリング投票システム
[log: 2021-01-02-01-20-57] 238件目成功 : 【ワードプレス】検索サイト構築
[log: 2021-01-02-01-20-57] 239件目成功 : GoogleSpreadシートを使用したwebアプリ開発
[log: 2021-01-02-01-20-57] 240件目成功 : フリマサイト構築案件
[log: 2021-01-02-01-20-57] 241件目成功 : スプレッドシートでのスクレイピングシートの作成をお願いします。
[log: 2021-01-02-01-20-57] 242件目成功 : Twitter自動取得・投稿システム
[log: 2021-01-02-01-20-57] 243件目成功 : スタートアップの新規Webサービス構築にあたりエンジニアを求めてます。
[log: 2021-01-02-01-20-58] 244件目成功 : シェアリングエコノミー系のサイト構築
[log: 2021-01-02-01-20-58] クラウドワークス最終ページです。
[log: 2021-01-02-01-20-58] 処理完了 成功件数: 245 件 / 失敗件数: 0 件
