[log: 2021-01-04-00-56-19] スタートします
[log: 2021-01-04-00-56-19] 検索カテゴリ　ランサーズ：資料作成サポート　,クラウドワークス：保守・運用・更新（プロ向け）
[log: 2021-01-04-00-56-44] 0件目成功 : ネットワークセキュリティ基礎に係るeラーニング講師のご依頼
[log: 2021-01-04-00-56-44] 1件目成功 : AWS、WordPress、Laravelで構築されたWebサイトの保守運用
[log: 2021-01-04-00-56-45] 2件目成功 : ウェブアプリケーションの標的型攻撃の基礎知識に係るeラーニング講師を募集
[log: 2021-01-04-00-56-45] 3件目成功 : サイバーセキュリティのためのウェブアプリケーション基礎のeラーニング講師を募集
[log: 2021-01-04-00-56-45] 4件目成功 : IOTのサイバーセキュリティ基礎に係るeラーニング講師のご依頼
[log: 2021-01-04-00-56-45] 5件目成功 : DVWA（オープンサイト）を利用したWebシステムの標的型攻撃の実習に係るeラーニングの講師のご依頼
[log: 2021-01-04-00-56-45] 6件目成功 : 無線ネットワークの脆弱性診断に係るeラーニングの講師のご依頼
[log: 2021-01-04-00-56-45] 7件目成功 :  UTM導入・運用基礎に係るeラーニングコース講師のご依頼
[log: 2021-01-04-00-56-45] 8件目成功 : テレワークとサイバーセキュリティに係るeラーニング講師のご依頼
[log: 2021-01-04-00-56-45] 9件目成功 : Webシステムのペネトレーションテスト、脆弱性診断等に係るeラーニングの講師のご依頼
[log: 2021-01-04-00-56-46] 10件目成功 : マレントの改修カスタマイズ
[log: 2021-01-04-00-56-46] 11件目成功 : AudioCodesのMediantの設定依頼
[log: 2021-01-04-00-56-46] 12件目成功 : サイバーインテリジェンスに係るeラーニング講師のご依頼
[log: 2021-01-04-00-56-46] 13件目成功 : ウェブサービス、スマホアプリのテスター募集
[log: 2021-01-04-00-56-46] クラウドワークス最終ページです。
[log: 2021-01-04-00-56-55] 14件目成功 : 原稿に合わせたプレゼン用パワポ資料作成
[log: 2021-01-04-00-56-55] ランサーズ最終ページです。
[log: 2021-01-04-00-56-55] 処理完了 成功件数: 15 件 / 失敗件数: 0 件
