[log: 2021-01-04-01-15-12] スタートします
[log: 2021-01-04-01-15-12] 検索カテゴリ　ランサーズ：コンサル・専門職・事務　,クラウドワークス：システム開発
[log: 2021-01-04-01-15-48] 0件目成功 : 【毎月4～20万円、時給1,200円～】誇れる特殊スキルをお持ちの方！時給制で一緒に作業を行いましょう！２
[log: 2021-01-04-01-15-49] 1件目成功 : Facebook APIを利用したシステム開発の経験ある人求む！！！！
[log: 2021-01-04-01-15-49] 2件目成功 : IOTのサイバーセキュリティ基礎に係るeラーニング講師のご依頼
[log: 2021-01-04-01-15-50] 3件目成功 : CMSに沿ったデザイン案件
[log: 2021-01-04-01-15-51] 4件目成功 : 講師急募！SAP Basis の研修
[log: 2021-01-04-01-15-51] 5件目成功 : Amazon SP-API、MWS用に開発者カウント取得のお手伝い
[log: 2021-01-04-01-15-51] 6件目成功 : ウェブアプリケーションの標的型攻撃の基礎知識に係るeラーニング講師を募集
[log: 2021-01-04-01-15-52] 7件目成功 : FXのEA（MT4での自動売買）開発（※既にソースコードがあるため、主に改修となります）
[log: 2021-01-04-01-15-52] 8件目成功 : AWS、WordPress、Laravelで構築されたWebサイトの保守運用
[log: 2021-01-04-01-15-59] 9件目成功 : 翻訳システム開発ヘルプ募集（オブザーバー）
[log: 2021-01-04-01-16-06] 10件目成功 : EC-CUBE のカスタマイズ
[log: 2021-01-04-01-16-20] 11件目成功 : SNSサービスの開発依頼
[log: 2021-01-04-01-16-27] 12件目成功 : NEW
初回
起業支援スクール運営。事務からマーケティング、マネージメント、経営まで何でもやりたい方。未経験歓迎。
[log: 2021-01-04-01-16-28] 13件目成功 : 原稿に合わせたプレゼン用パワポ資料作成
[log: 2021-01-04-01-16-32] 14件目失敗 : NEW
限定公開
限定公開の仕事
[log: 2021-01-04-01-16-32] list index out of range
[log: 2021-01-04-01-16-33] 15件目成功 : NEW
青色申告(複式簿記)サポートお願いします。
[log: 2021-01-04-01-16-33] 16件目成功 : 【800名程】業務委託スタッフの業務委託費計算
[log: 2021-01-04-01-16-33] 17件目成功 : 領収書・請求書の仕訳、記帳代行五（弊社来社希望）
[log: 2021-01-04-01-16-33] 18件目成功 : NEW
【固定報酬】メイク上手な方、募集してます！
[log: 2021-01-04-01-16-33] 18件目成功 : 初回
【高報酬】オフィスの片付けを時給2500円前後でご依頼！！【副業】
[log: 2021-01-04-01-16-34] 20件目成功 : NEW
初回
【経験者優遇】歯科医院のコンサルティングをお願いできる方募集
[log: 2021-01-04-01-16-34] 20件目成功 : 不動産情報検索サイトの構築
[log: 2021-01-04-01-16-36] 22件目成功 : NEW
2回目
【ペットサービス総合受付業務】【英語対応】【9時～18時在宅】
[log: 2021-01-04-01-16-37] 23件目成功 : 契約書作成サポート等、法務業務【高報酬】
[log: 2021-01-04-01-16-37] 23件目成功 : NEW
【主婦限定】未経験者歓迎！BUYMA（バイマ）への商品登録作業のお仕事です【在宅・長期】
[log: 2021-01-04-01-16-38] 25件目成功 : 【勉強した英語力活かしませんか？完全在宅・海外在住者OK・主婦さん大歓迎】英語圏のアパレル店舗に電話
[log: 2021-01-04-01-16-38] 26件目成功 : 契約書作成サポート等、法務業務【高報酬】
[log: 2021-01-04-01-16-38] 27件目成功 : インターネットビジネスのコンサル希望の仕事
[log: 2021-01-04-01-16-38] 28件目成功 : NEW
UdemyやYoutube等で動画の配信でのマネタイズ経験がある方へ、オンライン通話でのヒアリング
[log: 2021-01-04-01-16-38] 28件目成功 : NEW
隙間時間での簡単作業！バイマの出品作業をお手伝いしてくださる方！
[log: 2021-01-04-01-16-38] 29件目成功 : 契約書作成サポート等、法務業務【高報酬】
[log: 2021-01-04-01-16-38] 29件目成功 : NEW
UdemyやYoutube等で動画でプログラミングの学習をされている方、お話を聞かせてください
[log: 2021-01-04-01-16-38] 30件目成功 : ★主婦さん大歓迎★！在宅ワーク！ネットサイトでの商品発送のお手伝い、やる気ある方募集です。
[log: 2021-01-04-01-16-38] 30件目成功 : 薬局、ドラッグストアにて就業経験のある方ヒアリングさせてください。
[log: 2021-01-04-01-16-39] 34件目成功 : 在宅でできるショップ運営の秘書のお仕事【評価制度有り】
[log: 2021-01-04-01-16-39] 35件目成功 : アメリカのアマゾンでのメーカーによる販売のコンサルとサポート
[log: 2021-01-04-01-16-39] 35件目成功 : NEW
【在宅作業！】AMAZONのショップ運営スタッフ募集！
[log: 2021-01-04-01-16-39] 36件目成功 : NEW
【海外在住の方】アパレル商品の買付代行・発送のお仕事
[log: 2021-01-04-01-16-39] 36件目成功 : NEW
【主婦限定】未経験者歓迎！BUYMA（バイマ）への商品登録作業のお仕事です【在宅・長期】
[log: 2021-01-04-01-16-39] 36件目成功 : NEW
ある製品を全く同じサイズで造れる方を募集します。
[log: 2021-01-04-01-16-39] 36件目成功 : 2回目
運用商品(Indeed,Google広告,Yhoo広告/金融商品etc...)の自動運用ロジック生成
[log: 2021-01-04-01-16-39] 36件目成功 : 海外買い付け・発送パートナーさん大募集！！
[log: 2021-01-04-01-16-39] 36件目成功 : NEW
【在宅作業！】AMAZONのショップ運営スタッフ募集！
[log: 2021-01-04-01-16-39] 43件目成功 : 【急募】BUYMAの商品登録をお願いします【未経験者OK】(スキマ時間で！）
[log: 2021-01-04-01-16-40] 44件目成功 : 中国語が得意な人・好きな人方歓迎　主婦さん歓迎　服が好きな人大歓迎
[log: 2021-01-04-01-16-41] 45件目成功 : ブラウザ版のTikTok動画を保存出来るシステムの開発
[log: 2021-01-04-01-16-41] 46件目成功 : 顧客SNSパスワードの暗号化受信及びシステムへのパスワード復号化
[log: 2021-01-04-01-16-41] 47件目成功 : マッチングサイト構築案件
[log: 2021-01-04-01-16-42] 48件目成功 : 【至急】楽天サイトのカート不具合の解消・構築依頼
[log: 2021-01-04-01-16-42] 49件目成功 : サイトの表示速度改善
[log: 2021-01-04-01-16-42] 50件目成功 : ブックメーカーの自動ツール開発
[log: 2021-01-04-01-16-43] 51件目成功 : 【完全在宅/副収入◎/教育】 Python/AI学習をサポートするメンター（講師）業務の募集！（※Pythonのみ応募も可）
[log: 2021-01-04-01-16-43] 52件目成功 : 自社新規事業のシステム開発（バックエンド）
[log: 2021-01-04-01-16-43] 53件目成功 : リンク遷移時にロード画面を表示する機能・絞り込み検索の結果を並び替える機能の開発【WordPress埋め込み】
[log: 2021-01-04-01-16-44] 54件目成功 : 現サイト（WordPress+EC-CUBE2.12）をEC-CUBE4へ移行
[log: 2021-01-04-01-16-45] 55件目成功 : サイバーセキュリティのためのウェブアプリケーション基礎のeラーニング講師を募集
[log: 2021-01-04-01-16-45] 56件目成功 : stripe elementsを用いたspaの修正
[log: 2021-01-04-01-16-45] 57件目成功 : 自社不動産事業ウェブサイトのグーグルアナリティクスの分析、SEO対策のアドバイス業務
[log: 2021-01-04-01-16-46] 58件目成功 : フル在宅　進行管理　コミュニケーション多め　出版社公式YouTube運営
[log: 2021-01-04-01-16-46] 59件目成功 : ECサイトで売れた商品の発送先印刷自動化のプログラム構築
[log: 2021-01-04-01-16-46] 60件目成功 : JavaScriptで積立投資信託シミュレーションシステムの構築
[log: 2021-01-04-01-16-46] 61件目成功 : アマゾンからデータ抽出してスプレッドシートもしくはCSVに出力できるソフト開発
[log: 2021-01-04-01-16-46] 62件目成功 : WordPressで、特定のパラメーター（例）「?3728」をWordPressのキーワード検索画面および検索結果での記事...
[log: 2021-01-04-01-16-46] 63件目成功 : 動画配信CMSの改修
[log: 2021-01-04-01-16-47] 64件目成功 : ツイッターの自動化ツールの開発をお願いします。
[log: 2021-01-04-01-16-47] 65件目成功 : 「サイト構築・ウェブ開発」のお仕事のご相談
[log: 2021-01-04-01-16-47] 66件目成功 : 【法人の方のみお願いします】C to Cマッチングサービスの開発案件
[log: 2021-01-04-01-16-47] 67件目成功 : オンラインカジノ自動ツール作成の依頼
[log: 2021-01-04-01-16-47] 68件目成功 : MT4自動売買EAの作成依頼、又は買取
[log: 2021-01-04-01-16-47] 69件目成功 : 【業務委託】完全リモートのエンジニア募集！
[log: 2021-01-04-01-16-48] 70件目成功 : Oracleサーバーの構築・管理(運用)
[log: 2021-01-04-01-16-48] 71件目成功 : ArtGridから、ジャンルごとに動画素材をダウンロードし、googleドライブにアップロードする
[log: 2021-01-04-01-16-48] 72件目成功 : 【完全在宅/副収入◎/教育】Ruby学習をサポートするメンター（講師）業務の募集！
[log: 2021-01-04-01-16-48] 73件目成功 : 事業細分化に伴うアクセス数が取れるサイトの作成
[log: 2021-01-04-01-16-49] 74件目成功 : 【情報リサーチ】クレジットカードの有効期限切れで新カードに変えても月次決済を継続できる決済代行システム
[log: 2021-01-04-01-16-49] 75件目成功 : 不動産投資型のクラウドファンディングサイト・システムの開発
[log: 2021-01-04-01-16-49] 76件目成功 : 【急募！】写真フォルダからのエクセルファイル転送用マクロ構築【要スキル！】
[log: 2021-01-04-01-16-49] 77件目成功 : ESXiゲストOSの世代管理のバックアップ
[log: 2021-01-04-01-16-49] 78件目成功 : 【LINE@の制作・デザイン】
[log: 2021-01-04-01-16-50] 79件目成功 : 企業Webサイトの静的ページコーディング
[log: 2021-01-04-01-16-50] 80件目成功 : Laravel（PHP）とJavaScriptでのWebアプリ開発案件
[log: 2021-01-04-01-16-50] 81件目成功 : 仮想通貨 mmbot 作成依頼
[log: 2021-01-04-01-17-10] 82件目成功 : NEW
【2月/埼玉県川口市】放課後デイサービス・発達支援セミナー/講演会【講師募集】
[log: 2021-01-04-01-17-11] 83件目成功 : NEW
隙間時間での簡単作業！バイマの出品作業をお手伝いしてくださる方！
[log: 2021-01-04-01-17-12] 84件目成功 : ～アパレルECショップ簡単作業（データ入力と画像加工）
[log: 2021-01-04-01-17-13] 85件目成功 : 3回目
【急募】毛髪メディアのアドバイザー【資格必須：毛髪診断士】
[log: 2021-01-04-01-17-14] 86件目成功 : 【毎月4～20万円、時給1,200円～】誇れる特殊スキルをお持ちの方！時給制で一緒に作業を行いましょう！２
[log: 2021-01-04-01-17-15] 87件目成功 : 【完全在宅　主婦さん♪】ファッションサイトBUYMA運営サポート♡秘書/ カスタマー対応/ 隙間時間
[log: 2021-01-04-01-17-15] 88件目成功 : Facebook APIを利用したシステム開発の経験ある人求む！！！！
[log: 2021-01-04-01-17-16] 89件目成功 : 既存システムとAWSカスタマイズ
[log: 2021-01-04-01-17-16] 90件目成功 : 隙間時間での簡単作業！バイマの出品作業をお手伝いしてくださる方！
[log: 2021-01-04-01-17-16] 91件目成功 : 隙間時間での簡単作業！バイマの出品作業をお手伝いしてくださる方！
[log: 2021-01-04-01-17-16] 92件目成功 : 海外買い付け・発送パートナーさん大募集！！
[log: 2021-01-04-01-17-16] 93件目成功 : 夜間・在宅でのお仕事　Salesforceエンジニア求む！
[log: 2021-01-04-01-17-16] 94件目成功 : 【急募】弊社就労継続支援施設の業務支援｜サービス管理責任者業務サポートの募集
[log: 2021-01-04-01-17-16] 95件目成功 : Excel帳簿管理シート作成　オンライン物販作業代行業者向け　配送料、代行依頼費、雑費等入力
[log: 2021-01-04-01-17-16] 96件目成功 : 契約書作成サポート等、法務業務【高報酬】
[log: 2021-01-04-01-17-16] 97件目成功 : 【Zoomyテーマの改良】プロフィールページにコメント一覧・いいね一覧のタブを追加
[log: 2021-01-04-01-17-16] 98件目成功 : NEW
【急募】日本国内 にお住いの方歓迎！ルイヴィトン買い付け・発送パートナーさん大募集！！
[log: 2021-01-04-01-17-16] 98件目成功 : 3回目
【長期歓迎】在宅での秘書・庶務のお仕事※副業可
[log: 2021-01-04-01-17-17] 100件目成功 : linux(AWS lightsail)へVPNサーバ構築
[log: 2021-01-04-01-17-17] 101件目成功 : 【オーストラリア在住の方限定】買付け代行と発送のお仕事
[log: 2021-01-04-01-17-17] 102件目成功 : 瞑想音楽の作曲
[log: 2021-01-04-01-17-17] 103件目成功 : 【競馬】日刊コンピの分析について #日刊スポーツ
[log: 2021-01-04-01-17-17] 104件目成功 : 【Webおよびリモートデスクトップ上での3～5時間の作業＆アンケート】Javaによる実務経験3年以上の方、追加募集
[log: 2021-01-04-01-17-18] 105件目成功 : angularを使用したSPAでのコーポレートサイト実装　Web構築
[log: 2021-01-04-01-17-18] 106件目成功 : 新ベンチャーにて未来のCTO候補として新Webサービス開発のお願い
[log: 2021-01-04-01-17-18] ランサーズ最終ページです。
[log: 2021-01-04-01-17-18] 107件目成功 : 作業ログの取得ツールの作成
[log: 2021-01-04-01-17-19] 108件目成功 : Rails アプリケーションの開発
[log: 2021-01-04-01-17-19] 109件目成功 : EAの作成（XM対象）
[log: 2021-01-04-01-17-19] 110件目成功 : 【フルリモート案件/継続依頼あり】仕事の悩みを解決するためのWebサービス（SaaS）の開発
[log: 2021-01-04-01-17-19] 111件目成功 : マクロの作成　2種類
[log: 2021-01-04-01-17-19] 112件目成功 : 競輪勝率予想プログラミング
[log: 2021-01-04-01-17-19] 113件目成功 : C＃で作成した基幹システム（在庫管理）のリプレイス
[log: 2021-01-04-01-17-20] 114件目成功 : Googleキーワードリサーチプログラムの開発依頼
[log: 2021-01-04-01-17-20] 115件目成功 : 新規ウィジェットの追加
[log: 2021-01-04-01-17-20] 116件目成功 : 【 Laravel 】勤務実績管理のシステム補修
[log: 2021-01-04-01-17-20] 117件目成功 : 【Excel制作】海外発送の料金比較表の作成！【安い郵送方法の算出】【見積もり希望】【追加依頼あり】
[log: 2021-01-04-01-17-20] 118件目成功 : ネットワークセキュリティ基礎に係るeラーニング講師のご依頼
[log: 2021-01-04-01-17-20] 119件目成功 : 小規模会員サイトのプログラミング
[log: 2021-01-04-01-17-20] 120件目成功 : 「サイト構築・ウェブ開発」のご相談です
[log: 2021-01-04-01-17-21] 121件目成功 : 【急募】関税計算ツール【スプレッドシート】
[log: 2021-01-04-01-17-21] 122件目成功 : 【MT4/MQL4】単体でMT4からLINEに通知するインジケーターの作成
[log: 2021-01-04-01-17-21] 123件目成功 : LaravelによるWEBアプリ開発のお仕事｜プロフェッショナル求む
[log: 2021-01-04-01-17-21] 124件目成功 : 簡単なDB検索と作図サイトの改修
[log: 2021-01-04-01-17-21] 125件目成功 : Pythonでのクローラ開発とクロール
[log: 2021-01-04-01-17-21] 126件目成功 : Pythonを使ったシステムの作り方を教えてください。
[log: 2021-01-04-01-17-22] 127件目成功 : Tableauのデモ画面作成支援
[log: 2021-01-04-01-17-22] 128件目成功 : ワードプレスサイトへのトップページコーディングと組み込み
[log: 2021-01-04-01-17-22] 129件目成功 : メールのセキュリティ強化
[log: 2021-01-04-01-17-22] 130件目成功 : YahooショッピングとヤマトB2クラウド連携で送り状自動作成ができるマクロの開発依頼
[log: 2021-01-04-01-17-22] 131件目成功 : インフルエンサーの管理システムについて
[log: 2021-01-04-01-17-22] 132件目成功 : Mallentoのカスタマイズ
[log: 2021-01-04-01-17-22] 133件目成功 : Laravel-AdminのCSVの文字化け修正
[log: 2021-01-04-01-17-23] 134件目成功 : 変動幅型のナンピンEAの作成依頼。
[log: 2021-01-04-01-17-23] 135件目成功 : jQueryによる認証システム
[log: 2021-01-04-01-17-23] 136件目成功 : DVWA（オープンサイト）を利用したWebシステムの標的型攻撃の実習に係るeラーニングの講師のご依頼
[log: 2021-01-04-01-17-23] 137件目成功 : テレワークとサイバーセキュリティに係るeラーニング講師のご依頼
[log: 2021-01-04-01-17-23] 138件目成功 : Webシステムのペネトレーションテスト、脆弱性診断等に係るeラーニングの講師のご依頼
[log: 2021-01-04-01-17-23] 139件目成功 : 特定の記事の広告非表示設定のお願い
[log: 2021-01-04-01-17-23] 140件目成功 :  UTM導入・運用基礎に係るeラーニングコース講師のご依頼
[log: 2021-01-04-01-17-24] 141件目成功 : Googleスライドの自動印刷プログラムの作成
[log: 2021-01-04-01-17-24] 142件目成功 : マッチングサイトパッケージのカスタマイズ、デザインとコーディング、アプリ
[log: 2021-01-04-01-17-24] 143件目成功 : 飲食店向けのECサイト開発（①顧客がスマホで注文②注文内容をキッチンプリンタへ連携③QRコード決済）
[log: 2021-01-04-01-17-24] 144件目成功 : 海外の通販サイトから商品情報を取得しCSVで納品してくれる方を募集します。
[log: 2021-01-04-01-17-24] 145件目成功 : ElasticSearchデータの整理（SJTS）
[log: 2021-01-04-01-17-24] 146件目成功 : 既存システムとAWSカスタマイズ
[log: 2021-01-04-01-17-31] 147件目成功 : 【毎月4～20万円、時給1,200円～】誇れる特殊スキルをお持ちの方！時給制で一緒に作業を行いましょう！２
[log: 2021-01-04-01-17-31] 148件目成功 : Facebook APIを利用したシステム開発の経験ある人求む！！！！
[log: 2021-01-04-01-17-31] 149件目成功 : instagram 分析用　スクレイピングツール
[log: 2021-01-04-01-17-31] 150件目成功 : 【Googleアナリティクス】アドオンを使った情報自動取得の生成
[log: 2021-01-04-01-17-32] 151件目成功 : 時計のカスタムメイドのシュミレーションサイト構築
[log: 2021-01-04-01-17-32] 152件目成功 :  UTM導入・運用基礎に係るeラーニングコース講師のご依頼
[log: 2021-01-04-01-17-32] 153件目成功 : テレワークとサイバーセキュリティに係るeラーニング講師のご依頼
[log: 2021-01-04-01-17-32] 154件目成功 : Webシステムのペネトレーションテスト、脆弱性診断等に係るeラーニングの講師のご依頼
[log: 2021-01-04-01-17-32] 155件目成功 : マレントの改修カスタマイズ
[log: 2021-01-04-01-17-32] 156件目成功 : フリマ構築CMSを使ったフリマサイトカスタマイズ
[log: 2021-01-04-01-17-33] 157件目成功 : MT4におけるティックデータを使った通貨の強弱を表すインジケーター作成
[log: 2021-01-04-01-17-33] 158件目成功 : xserverサーバー復旧までの作業 仕事の概要
[log: 2021-01-04-01-17-33] 159件目成功 : Shopifyアプリ開発のPM／ブリッジエンジニア（要件定義、進捗管理、テストなど）
[log: 2021-01-04-01-17-33] 160件目成功 : リバースプロキシについての質問【20分2000円】
[log: 2021-01-04-01-17-33] 161件目成功 : [Google Apps Script] Facebook、yahooo広告のrawデータをGoogleスプレッドシートへ連携
[log: 2021-01-04-01-17-33] 162件目成功 : WindowsServer間でクラスタを作成しiSCSIで共有ストレージを参照しているフォルダが突然アクセス不能になる
[log: 2021-01-04-01-17-33] 163件目成功 : 自社ウェブサイトのSEO対策のアドバイス業務
[log: 2021-01-04-01-17-34] 164件目成功 : EA・自動売買システムの開発
[log: 2021-01-04-01-17-34] 165件目成功 : 作業ログの取得ツールの作成
[log: 2021-01-04-01-17-34] 166件目成功 : perlで作られたフリーCGIをPHPで書き換え
[log: 2021-01-04-01-17-34] 167件目成功 : 作業ログ取得ツールの作成
[log: 2021-01-04-01-17-34] 168件目成功 : LaravelでTurboLinksを使って擬似SPA化をされたことがある方にアドバイスを頂きたいです
[log: 2021-01-04-01-17-34] 169件目成功 : マッチングサイトパッケージのカスタマイズ、デザインとコーディング、アプリ
[log: 2021-01-04-01-17-34] 170件目成功 : 飲食店向けのECサイト開発（①顧客がスマホで注文②注文内容をキッチンプリンタへ連携③QRコード決済）
[log: 2021-01-04-01-17-35] 171件目成功 : 海外の通販サイトから商品情報を取得しCSVで納品してくれる方を募集します。
[log: 2021-01-04-01-17-35] 172件目成功 : Instagram APIを使ったシステム開発
[log: 2021-01-04-01-17-35] 173件目成功 : AudioCodesのMediantの設定依頼
[log: 2021-01-04-01-17-35] 174件目成功 : ElasticSearchデータの整理（SJTS）
[log: 2021-01-04-01-17-35] 175件目成功 : 既存システムとAWSカスタマイズ
[log: 2021-01-04-01-17-35] 176件目成功 : Googleスライドの自動印刷プログラムの作成
[log: 2021-01-04-01-17-36] 177件目成功 : サイバーインテリジェンスに係るeラーニング講師のご依頼
[log: 2021-01-04-01-17-36] 178件目成功 : オンラインカジノ自動化ツール作成の依頼
[log: 2021-01-04-01-17-36] 179件目成功 : Instagram apiを用いたダッシュボード開発
[log: 2021-01-04-01-17-36] 180件目成功 : セールスフォースの機能の整理
[log: 2021-01-04-01-17-37] 181件目成功 : 翻訳システム開発のヘルプ募集
[log: 2021-01-04-01-17-37] 182件目成功 : AutoHotKeyの活用方法をお教えください
[log: 2021-01-04-01-17-37] 183件目成功 : CtoCのサイト構築パッケージ「Mallento」のカスタマイズ
[log: 2021-01-04-01-17-37] 184件目成功 : 弊社で抱えているwebシステム開発にご協力いただけるエンジニアを募集します
[log: 2021-01-04-01-17-37] 185件目成功 : 給与計算ソフトの作成と今後自身でもそのソフトを管理運営していきたいため、そのノウハウのご教授
[log: 2021-01-04-01-17-37] 186件目成功 : 【急募】Javaサブ講師
[log: 2021-01-04-01-17-37] 187件目成功 : オンラインカジノのブラックジャックで使用するカードカウンティングツールの作成依頼
[log: 2021-01-04-01-17-38] 188件目成功 : WIX Storeに星付きレビューとコメント、販売数の表示機能の依頼
[log: 2021-01-04-01-17-38] 189件目成功 : CGM系のサービスでキャンペーン機能やタイアップ関連機能を実装されたことがある方
[log: 2021-01-04-01-17-38] 190件目成功 : pluginの作製
[log: 2021-01-04-01-17-38] 191件目成功 : ブロックチェーン技術の経営者向け個人コーチ
[log: 2021-01-04-01-17-38] 192件目成功 : 『簡易システム』Instagramリールの保存機能
[log: 2021-01-04-01-17-38] 193件目成功 : ASPシステムエラーの改善（アフィリエイトサービスプロバイダ）
[log: 2021-01-04-01-17-38] 194件目成功 : グーグルスプレッドシートの自動計算
[log: 2021-01-04-01-17-39] 195件目成功 : wordpress のフォームと　Paid決済（BtoB決済）の連携
[log: 2021-01-04-01-17-39] 196件目成功 : ウェブサービス、スマホアプリのテスター募集
[log: 2021-01-04-01-17-39] 197件目成功 : 楽天市場における在庫監視ツールの作成(入荷通知)
[log: 2021-01-04-01-17-39] 198件目成功 : 無線ネットワークの脆弱性診断に係るeラーニングの講師のご依頼
[log: 2021-01-04-01-17-45] 199件目成功 : 【毎月4～20万円、時給1,200円～】誇れる特殊スキルをお持ちの方！時給制で一緒に作業を行いましょう！２
[log: 2021-01-04-01-17-45] 200件目成功 : Facebook APIを利用したシステム開発の経験ある人求む！！！！
[log: 2021-01-04-01-17-46] 201件目成功 : Googleスプレッドシートを利用したGAS開発（GAS必須ではありません）
[log: 2021-01-04-01-17-46] 202件目成功 : ECサイト自動発送プログラムの開発依頼
[log: 2021-01-04-01-17-46] 203件目成功 : React案件。３種類のグラフをWEB描画させる
[log: 2021-01-04-01-17-46] 204件目成功 : NW機器のconfigバックアップのご依頼
[log: 2021-01-04-01-17-46] 205件目成功 : グーグルで検索したときに表示される店舗情報を抽出
[log: 2021-01-04-01-17-46] 206件目成功 : ASPシステムエラーの改善（アフィリエイトサービスプロバイダ）
[log: 2021-01-04-01-17-47] 207件目成功 : WooCommerceのプラグイン設定と動作確認（Amazon S3 CloudFront関連）
[log: 2021-01-04-01-17-47] 208件目成功 : twitter分析ページ作成
[log: 2021-01-04-01-17-47] 209件目成功 : 【報酬要相談】ショッピングサイトから商品データ抽出のシステム開発
[log: 2021-01-04-01-17-47] 210件目成功 : インスタグラム Instagram 情報取得
[log: 2021-01-04-01-17-47] 211件目成功 : 「サイト構築・ウェブ開発」のお仕事のご相談
[log: 2021-01-04-01-17-47] 212件目成功 : 『簡易システム』Instagramリールの保存機能
[log: 2021-01-04-01-17-48] 213件目成功 : コンサルティング会社ウェブサイト作成
[log: 2021-01-04-01-17-48] 214件目成功 : ヤフオクの出品ツールの修正をして頂ける方！
[log: 2021-01-04-01-17-48] 215件目成功 : 【デザインを一部含みます】既存作成の情報サイト(WordPressで管理)に業界カオスマップのページを1ページ...
[log: 2021-01-04-01-17-48] 216件目成功 : Twitter API を用いて、基準となる写真からTL(タイムライン)上の写真を類似検索するソフトの開発
[log: 2021-01-04-01-17-48] 217件目成功 : stripe決済の合計金額の表記の修正
[log: 2021-01-04-01-17-48] 218件目成功 : 楽天市場における在庫監視ツールの作成(入荷通知)
[log: 2021-01-04-01-17-48] 219件目成功 : 無線ネットワークの脆弱性診断に係るeラーニングの講師のご依頼
[log: 2021-01-04-01-17-49] 220件目成功 : VBAマクロの作成（Google広告結果の基礎集計マクロ）
[log: 2021-01-04-01-17-49] 221件目成功 : スクレイピングツールの開発
[log: 2021-01-04-01-17-49] 222件目成功 : オンライン校正＋辞書登録
[log: 2021-01-04-01-17-49] 223件目成功 : FAQプラットフォーム discourseの構築
[log: 2021-01-04-01-17-49] 224件目成功 : Excel VBAを使ったWEBサイトの自動画面推移ツールの開発
[log: 2021-01-04-01-17-49] 225件目成功 : PageSpeed Insightsで100点を目指したい！
[log: 2021-01-04-01-17-50] 226件目成功 : 動画配信サービスの作成
[log: 2021-01-04-01-17-50] 227件目成功 : 自社新規事業のシステム開発（フロント）
[log: 2021-01-04-01-17-50] 228件目成功 : 中国語が得意な人・好きな人方歓迎　主婦さん歓迎　服が好きな人大歓迎
[log: 2021-01-04-01-17-50] 229件目成功 : オリジナルデザイングッズのシミュレータシステム開発
[log: 2021-01-04-01-17-50] 230件目成功 : YouTubeから広告の情報を自動収集するツールの作成
[log: 2021-01-04-01-17-50] 231件目成功 : （リモート可）LaravelでSaaS系ツール開発をしたいエンジニアの方　※ 週３以上可能な方歓迎
[log: 2021-01-04-01-17-50] 232件目成功 : グーグルスプレッドシートの自動計算
[log: 2021-01-04-01-17-51] 233件目成功 : wordpress のフォームと　Paid決済（BtoB決済）の連携
[log: 2021-01-04-01-17-51] 234件目成功 : ウェブサービス、スマホアプリのテスター募集
[log: 2021-01-04-01-17-51] 235件目成功 : シェアリングエコノミー系のサイト構築
[log: 2021-01-04-01-17-51] 236件目成功 : マッチングサイト
[log: 2021-01-04-01-17-51] 237件目成功 : くじ引き要素のあるECサイト構築
[log: 2021-01-04-01-17-51] 238件目成功 : 塾経営においての予約管理システムの制作依頼
[log: 2021-01-04-01-17-52] 239件目成功 : furimo（フリモ）を使ったフリマサイト制作
[log: 2021-01-04-01-17-52] 240件目成功 : 2サイト分のECサイトデザイン
[log: 2021-01-04-01-17-52] 241件目成功 : AWS S3のコスト削減
[log: 2021-01-04-01-17-52] 242件目成功 : Tiktok自動化ツール
[log: 2021-01-04-01-17-52] 243件目成功 : 法人リスト自動リストアップサイト
[log: 2021-01-04-01-17-52] 244件目成功 : 会員サイトのシステム開発の依頼
[log: 2021-01-04-01-17-53] 245件目成功 : 業務管理システムを作成するお仕事です
[log: 2021-01-04-01-17-53] 246件目成功 : WEB上カップリング投票システム！cookie等を用いた合コン街コン婚活パーティでのカップリング投票システム
[log: 2021-01-04-01-17-53] 247件目成功 : フリマサイト構築案件
[log: 2021-01-04-01-17-53] 248件目成功 : SNSサービスの開発依頼
[log: 2021-01-04-01-17-53] 249件目成功 : 【ワードプレス】検索サイト構築
[log: 2021-01-04-01-17-53] 250件目成功 : スタートアップの新規Webサービス構築にあたりエンジニアを求めてます。
[log: 2021-01-04-01-17-58] 251件目成功 : 【毎月4～20万円、時給1,200円～】誇れる特殊スキルをお持ちの方！時給制で一緒に作業を行いましょう！２
[log: 2021-01-04-01-17-58] 252件目成功 : Facebook APIを利用したシステム開発の経験ある人求む！！！！
[log: 2021-01-04-01-17-58] 253件目成功 : YouTubeから情報を自動収集するツールの作成
[log: 2021-01-04-01-17-59] 254件目成功 : GoogleSpreadシートを使用したwebアプリ開発
[log: 2021-01-04-01-17-59] 255件目成功 : シェアリングエコノミー系のサイト構築
[log: 2021-01-04-01-17-59] クラウドワークス最終ページです。
[log: 2021-01-04-01-17-59] 処理完了 成功件数: 255 件 / 失敗件数: 1 件
