[log: 2021-01-04-00-25-34] スタートします
[log: 2021-01-04-00-26-08] 0件目成功 : 【毎月4～20万円、時給1,200円～】誇れる特殊スキルをお持ちの方！時給制で一緒に作業を行いましょう！２
[log: 2021-01-04-00-26-08] 1件目成功 : Facebook APIを利用したシステム開発の経験ある人求む！！！！
[log: 2021-01-04-00-26-08] 2件目成功 : メールのセキュリティ強化
[log: 2021-01-04-00-26-08] 3件目成功 : 講師急募！SAP Basis の研修
[log: 2021-01-04-00-26-09] 4件目成功 : 簡単なDB検索と作図サイトの改修
[log: 2021-01-04-00-26-09] 5件目成功 : stripe elementsを用いたspaの修正
[log: 2021-01-04-00-26-09] 6件目成功 : Amazon SP-API、MWS用に開発者カウント取得のお手伝い
[log: 2021-01-04-00-26-09] 7件目成功 : Laravel-AdminのCSVの文字化け修正
[log: 2021-01-04-00-26-10] 8件目成功 : 【Zoomyテーマの改良】プロフィールページにコメント一覧・いいね一覧のタブを追加
[log: 2021-01-04-00-26-10] 9件目成功 : 自社不動産事業ウェブサイトのグーグルアナリティクスの分析、SEO対策のアドバイス業務
[log: 2021-01-04-00-26-10] 10件目成功 : ブックメーカーの自動ツール開発
[log: 2021-01-04-00-26-10] 11件目成功 : 【完全在宅/副収入◎/教育】 Python/AI学習をサポートするメンター（講師）業務の募集！（※Pythonのみ応募も可）
[log: 2021-01-04-00-26-11] 12件目成功 : EAの作成（XM対象）
[log: 2021-01-04-00-26-11] 13件目成功 : 自社新規事業のシステム開発（バックエンド）
[log: 2021-01-04-00-26-11] 14件目成功 : リンク遷移時にロード画面を表示する機能・絞り込み検索の結果を並び替える機能の開発【WordPress埋め込み】
[log: 2021-01-04-00-26-12] 15件目成功 : 翻訳システム開発ヘルプ募集（オブザーバー）
[log: 2021-01-04-00-26-12] 16件目成功 : EC-CUBE のカスタマイズ
[log: 2021-01-04-00-26-13] 17件目成功 : 現サイト（WordPress+EC-CUBE2.12）をEC-CUBE4へ移行
[log: 2021-01-04-00-26-13] 18件目成功 : サイトの表示速度改善
[log: 2021-01-04-00-26-13] 19件目成功 : 変動幅型のナンピンEAの作成依頼。
[log: 2021-01-04-00-26-13] 20件目成功 : 【情報リサーチ】クレジットカードの有効期限切れで新カードに変えても月次決済を継続できる決済代行システム
[log: 2021-01-04-00-26-13] 21件目成功 : CMSに沿ったデザイン案件
[log: 2021-01-04-00-26-14] 22件目成功 : Rails アプリケーションの開発
[log: 2021-01-04-00-26-14] 23件目成功 : ワードプレスサイトへのトップページコーディングと組み込み
[log: 2021-01-04-00-26-14] 24件目成功 : 「サイト構築・ウェブ開発」のご相談です
[log: 2021-01-04-00-26-14] 25件目成功 : Mallentoのカスタマイズ
[log: 2021-01-04-00-26-14] 26件目成功 : 【急募】BUYMAの商品登録をお願いします【未経験者OK】(スキマ時間で！）
[log: 2021-01-04-00-26-14] 27件目成功 : 中国語が得意な人・好きな人方歓迎　主婦さん歓迎　服が好きな人大歓迎
[log: 2021-01-04-00-26-14] 28件目成功 : ブラウザ版のTikTok動画を保存出来るシステムの開発
[log: 2021-01-04-00-26-15] 29件目成功 : マッチングサイト構築案件
[log: 2021-01-04-00-26-15] 30件目成功 : 【至急】楽天サイトのカート不具合の解消・構築依頼
[log: 2021-01-04-00-26-15] 31件目成功 : FXのEA（MT4での自動売買）開発（※既にソースコードがあるため、主に改修となります）
[log: 2021-01-04-00-26-15] 32件目成功 : 【競馬】日刊コンピの分析について #日刊スポーツ
[log: 2021-01-04-00-26-15] 33件目成功 : 顧客SNSパスワードの暗号化受信及びシステムへのパスワード復号化
[log: 2021-01-04-00-26-15] 34件目成功 : アマゾンからデータ抽出してスプレッドシートもしくはCSVに出力できるソフト開発
[log: 2021-01-04-00-26-16] 35件目成功 : Pythonでのクローラ開発とクロール
[log: 2021-01-04-00-26-16] 36件目成功 : 【インスタに投稿する画像と文章募集】ダイエットレシピの材料・作り方（簡単で良いです）・画像
[log: 2021-01-04-00-26-16] 37件目成功 : NEW
【簡単・隙間時間に！】★未経験者歓迎！アパレル商品の登録のお仕事★
[log: 2021-01-04-00-26-16] ランサーズ最終ページです。
[log: 2021-01-04-00-26-16] 38件目成功 : 新ベンチャーにて未来のCTO候補として新Webサービス開発のお願い
[log: 2021-01-04-00-26-16] 39件目成功 : 【フルリモート案件/継続依頼あり】仕事の悩みを解決するためのWebサービス（SaaS）の開発
[log: 2021-01-04-00-26-16] 40件目成功 : フル在宅　進行管理　コミュニケーション多め　出版社公式YouTube運営
[log: 2021-01-04-00-26-16] 41件目成功 : ECサイトで売れた商品の発送先印刷自動化のプログラム構築
[log: 2021-01-04-00-26-16] 42件目成功 : JavaScriptで積立投資信託シミュレーションシステムの構築
[log: 2021-01-04-00-26-17] 43件目成功 : 競輪勝率予想プログラミング
[log: 2021-01-04-00-26-17] 44件目成功 : 不動産投資型のクラウドファンディングサイト・システムの開発
[log: 2021-01-04-00-26-18] 45件目成功 : 小規模会員サイトのプログラミング
[log: 2021-01-04-00-26-19] 46件目成功 : SNSサービスの開発依頼
[log: 2021-01-04-00-26-20] 47件目成功 : 不動産情報検索サイトの構築
[log: 2021-01-04-00-26-21] 48件目成功 : 【急募！】写真フォルダからのエクセルファイル転送用マクロ構築【要スキル！】
