[log: 2021-01-04-01-33-12] スタートします
[log: 2021-01-04-01-33-12] 検索カテゴリ　ランサーズ：コンサル・専門職・事務　,クラウドワークス：Androidアプリ開発
[log: 2021-01-04-01-33-41] 0件目成功 : リアルタイム商品番号認識アプリ
[log: 2021-01-04-01-33-41] 1件目成功 : Android開発スクールのTA　３時間で面接兼お試し　本採用時は、相談後時給決定
[log: 2021-01-04-01-33-42] 2件目成功 : マッチングアプリ制作
[log: 2021-01-04-01-33-42] 3件目成功 : 【android】英単語クイズのオンラインゲームアプリ開発
[log: 2021-01-04-01-33-42] 4件目成功 : Androidアプリ開発の環境構築の家庭教師 TA
[log: 2021-01-04-01-33-42] 5件目成功 : Androidアプリ開発の環境構築の家庭教師 TA募集
[log: 2021-01-04-01-33-42] 6件目成功 : Android アプリの開発のお手伝い募集
[log: 2021-01-04-01-33-42] 7件目成功 : Androidアプリの簡単な修正作業
[log: 2021-01-04-01-33-43] 8件目成功 : 人狼ゲームのiPhone、Androidアプリ開発
[log: 2021-01-04-01-33-43] 9件目成功 : Android アプリケーションの開発
[log: 2021-01-04-01-33-44] 10件目成功 : 低機能の地図アプリの開発
[log: 2021-01-04-01-33-47] 11件目成功 : Tinder自動ライクツール
[log: 2021-01-04-01-33-47] クラウドワークス最終ページです。
[log: 2021-01-04-01-34-18] 12件目失敗 : NEW
限定公開
限定公開の仕事
[log: 2021-01-04-01-34-19] list index out of range
[log: 2021-01-04-01-34-19] 13件目成功 : 原稿に合わせたプレゼン用パワポ資料作成
[log: 2021-01-04-01-34-20] 14件目成功 : 初回
【高報酬】オフィスの片付けを時給2500円前後でご依頼！！【副業】
[log: 2021-01-04-01-34-22] 15件目成功 : NEW
青色申告(複式簿記)サポートお願いします。
[log: 2021-01-04-01-34-22] 16件目成功 : NEW
2回目
【ペットサービス総合受付業務】【英語対応】【9時～18時在宅】
[log: 2021-01-04-01-34-24] 17件目成功 : 領収書・請求書の仕訳、記帳代行五（弊社来社希望）
[log: 2021-01-04-01-34-24] 17件目成功 : NEW
初回
起業支援スクール運営。事務からマーケティング、マネージメント、経営まで何でもやりたい方。未経験歓迎。
[log: 2021-01-04-01-34-24] 19件目成功 : 【800名程】業務委託スタッフの業務委託費計算
[log: 2021-01-04-01-34-27] 20件目成功 : 契約書作成サポート等、法務業務【高報酬】
[log: 2021-01-04-01-34-27] 21件目成功 : NEW
【主婦限定】未経験者歓迎！BUYMA（バイマ）への商品登録作業のお仕事です【在宅・長期】
[log: 2021-01-04-01-34-27] 22件目成功 : アメリカのアマゾンでのメーカーによる販売のコンサルとサポート
[log: 2021-01-04-01-34-27] 23件目成功 : NEW
初回
【経験者優遇】歯科医院のコンサルティングをお願いできる方募集
[log: 2021-01-04-01-34-27] 23件目成功 : 契約書作成サポート等、法務業務【高報酬】
[log: 2021-01-04-01-34-27] 25件目成功 : NEW
隙間時間での簡単作業！バイマの出品作業をお手伝いしてくださる方！
[log: 2021-01-04-01-34-27] 26件目成功 : 薬局、ドラッグストアにて就業経験のある方ヒアリングさせてください。
成
[log: 2021-01-04-01-34-28] 28件目成功 : ★主婦さん大歓迎★！在宅ワーク！ネットサイトでの商品発送のお手伝い、やる気ある方募集です。
[log: 2021-01-04-01-34-28] 29件目成功 : NEW
ある製品を全く同じサイズで造れる方を募集します。
[log: 2021-01-04-01-34-28] 30件目成功 : 【勉強した英語力活かしませんか？完全在宅・海外在住者OK・主婦さん大歓迎】英語圏のアパレル店舗に電話
[log: 2021-01-04-01-34-28] 31件目成功 : 海外買い付け・発送パートナーさん大募集！！
[log: 2021-01-04-01-34-28] 32件目成功 : NEW
UdemyやYoutube等で動画の配信でのマネタイズ経験がある方へ、オンライン通話でのヒアリング
[log: 2021-01-04-01-34-28] 33件目成功 : 契約書作成サポート等、法務業務【高報酬】
[log: 2021-01-04-01-34-28] 34件目成功 : NEW
【在宅作業！】AMAZONのショップ運営スタッフ募集！
[log: 2021-01-04-01-34-28] 35件目成功 : NEW
UdemyやYoutube等で動画でプログラミングの学習をされている方、お話を聞かせてください
[log: 2021-01-04-01-34-28] 35件目成功 : NEW
【海外在住の方】アパレル商品の買付代行・発送のお仕事
[log: 2021-01-04-01-34-28] 37件目成功 : インターネットビジネスのコンサル希望の仕事
[log: 2021-01-04-01-34-28] 37件目成功 : NEW
【在宅作業！】AMAZONのショップ運営スタッフ募集！
[log: 2021-01-04-01-34-28] 39件目成功 : 在宅でできるショップ運営の秘書のお仕事【評価制度有り】
[log: 2021-01-04-01-34-28] 40件目成功 : NEW
【固定報酬】メイク上手な方、募集してます！
[log: 2021-01-04-01-34-29] 41件目成功 : NEW
【主婦限定】未経験者歓迎！BUYMA（バイマ）への商品登録作業のお仕事です【在宅・長期】
[log: 2021-01-04-01-34-53] 42件目成功 : 隙間時間での簡単作業！バイマの出品作業をお手伝いしてくださる方！
[log: 2021-01-04-01-34-55] 43件目成功 : 海外買い付け・発送パートナーさん大募集！！
[log: 2021-01-04-01-34-56] 44件目成功 : NEW
【急募】日本国内 にお住いの方歓迎！ルイヴィトン買い付け・発送パートナーさん大募集！！
[log: 2021-01-04-01-34-56] 45件目成功 : 【オーストラリア在住の方限定】買付け代行と発送のお仕事
[log: 2021-01-04-01-34-56] 46件目成功 : NEW
【2月/埼玉県川口市】放課後デイサービス・発達支援セミナー/講演会【講師募集】
[log: 2021-01-04-01-34-57] 47件目成功 : 【急募】弊社就労継続支援施設の業務支援｜サービス管理責任者業務サポートの募集
[log: 2021-01-04-01-34-58] 48件目成功 : 3回目
【急募】毛髪メディアのアドバイザー【資格必須：毛髪診断士】
[log: 2021-01-04-01-34-58] 49件目成功 : 瞑想音楽の作曲
[log: 2021-01-04-01-34-59] 50件目成功 : NEW
隙間時間での簡単作業！バイマの出品作業をお手伝いしてくださる方！
[log: 2021-01-04-01-34-59] 51件目成功 : 【完全在宅　主婦さん♪】ファッションサイトBUYMA運営サポート♡秘書/ カスタマー対応/ 隙間時間
[log: 2021-01-04-01-34-59] 52件目成功 : 隙間時間での簡単作業！バイマの出品作業をお手伝いしてくださる方！
[log: 2021-01-04-01-34-59] 53件目成功 : 3回目
【長期歓迎】在宅での秘書・庶務のお仕事※副業可
[log: 2021-01-04-01-34-59] 54件目成功 : ～アパレルECショップ簡単作業（データ入力と画像加工）
[log: 2021-01-04-01-34-59] 55件目成功 : 契約書作成サポート等、法務業務【高報酬】
[log: 2021-01-04-01-35-00] ランサーズ最終ページです。
[log: 2021-01-04-01-35-00] 処理完了 成功件数: 55 件 / 失敗件数: 1 件
