[log: 2021-01-04-00-28-26] スタートします
[log: 2021-01-04-00-28-58] 0件目成功 : Facebook APIを利用したシステム開発の経験ある人求む！！！！
[log: 2021-01-04-00-28-59] 1件目成功 : 【毎月4～20万円、時給1,200円～】誇れる特殊スキルをお持ちの方！時給制で一緒に作業を行いましょう！２
[log: 2021-01-04-00-28-59] 2件目成功 : 変動幅型のナンピンEAの作成依頼。
[log: 2021-01-04-00-29-00] 3件目成功 : Rails アプリケーションの開発
[log: 2021-01-04-00-29-00] 4件目成功 : ワードプレスサイトへのトップページコーディングと組み込み
[log: 2021-01-04-00-29-00] 5件目成功 : 「サイト構築・ウェブ開発」のご相談です
[log: 2021-01-04-00-29-00] 6件目成功 : Mallentoのカスタマイズ
[log: 2021-01-04-00-29-00] 7件目成功 : 【情報リサーチ】クレジットカードの有効期限切れで新カードに変えても月次決済を継続できる決済代行システム
[log: 2021-01-04-00-29-00] 8件目成功 : CMSに沿ったデザイン案件
[log: 2021-01-04-00-29-00] 9件目成功 : 講師急募！SAP Basis の研修
[log: 2021-01-04-00-29-01] 10件目成功 : Amazon SP-API、MWS用に開発者カウント取得のお手伝い
[log: 2021-01-04-00-29-01] 11件目成功 : Laravel-AdminのCSVの文字化け修正
[log: 2021-01-04-00-29-01] 12件目成功 : FXのEA（MT4での自動売買）開発（※既にソースコードがあるため、主に改修となります）
[log: 2021-01-04-00-29-01] 13件目成功 : 【Zoomyテーマの改良】プロフィールページにコメント一覧・いいね一覧のタブを追加
[log: 2021-01-04-00-29-02] 14件目成功 : 翻訳システム開発ヘルプ募集（オブザーバー）
[log: 2021-01-04-00-29-02] 15件目成功 : EC-CUBE のカスタマイズ
[log: 2021-01-04-00-29-02] 16件目成功 : SNSサービスの開発依頼
[log: 2021-01-04-00-29-02] 17件目成功 : 不動産情報検索サイトの構築
[log: 2021-01-04-00-29-03] 18件目成功 : 【急募】BUYMAの商品登録をお願いします【未経験者OK】(スキマ時間で！）
[log: 2021-01-04-00-29-03] 19件目成功 : 中国語が得意な人・好きな人方歓迎　主婦さん歓迎　服が好きな人大歓迎
[log: 2021-01-04-00-29-09] 20件目成功 : ブラウザ版のTikTok動画を保存出来るシステムの開発
[log: 2021-01-04-00-29-09] 21件目成功 : 【競馬】日刊コンピの分析について #日刊スポーツ
[log: 2021-01-04-00-29-10] 22件目成功 : 顧客SNSパスワードの暗号化受信及びシステムへのパスワード復号化
[log: 2021-01-04-00-29-10] 23件目成功 : マッチングサイト構築案件
[log: 2021-01-04-00-29-10] 24件目成功 : 【至急】楽天サイトのカート不具合の解消・構築依頼
[log: 2021-01-04-00-29-11] 25件目成功 : サイトの表示速度改善
[log: 2021-01-04-00-29-11] 26件目成功 : ブックメーカーの自動ツール開発
[log: 2021-01-04-00-29-11] 27件目成功 : 【完全在宅/副収入◎/教育】 Python/AI学習をサポートするメンター（講師）業務の募集！（※Pythonのみ応募も可）
[log: 2021-01-04-00-29-11] 28件目成功 : EAの作成（XM対象）
[log: 2021-01-04-00-29-11] 29件目成功 : 自社新規事業のシステム開発（バックエンド）
[log: 2021-01-04-00-29-11] 30件目成功 : リンク遷移時にロード画面を表示する機能・絞り込み検索の結果を並び替える機能の開発【WordPress埋め込み】
[log: 2021-01-04-00-29-12] 31件目成功 : 現サイト（WordPress+EC-CUBE2.12）をEC-CUBE4へ移行
[log: 2021-01-04-00-29-12] 32件目成功 : 展示会ブースのキャッチコピーデザイン
[log: 2021-01-04-00-29-12] 33件目成功 : メールのセキュリティ強化
[log: 2021-01-04-00-29-12] 34件目成功 : 簡単なDB検索と作図サイトの改修
[log: 2021-01-04-00-29-12] 34件目成功 : NEW
【簡単・隙間時間に！】★未経験者歓迎！アパレル商品の登録のお仕事★
[log: 2021-01-04-00-29-12] 34件目成功 : 約80件の統一フォーマット型広告の一括修正
[log: 2021-01-04-00-29-12] 37件目成功 : ネットショップの出品デザイン作成
[log: 2021-01-04-00-29-12] 38件目成功 : 競輪勝率予想プログラミング
[log: 2021-01-04-00-29-12] 38件目成功 : NEW
3回目
注目度の高い健康食品（腸活）の通販向けチラシ制作
[log: 2021-01-04-00-29-12] 40件目成功 : NEW
【 印刷用のデザイン作成していただける方の募集 】
[log: 2021-01-04-00-29-12] 40件目成功 : stripe elementsを用いたspaの修正
[log: 2021-01-04-00-29-13] 42件目成功 : 自社不動産事業ウェブサイトのグーグルアナリティクスの分析、SEO対策のアドバイス業務
[log: 2021-01-04-00-29-13] 43件目成功 : フル在宅　進行管理　コミュニケーション多め　出版社公式YouTube運営
[log: 2021-01-04-00-29-13] 44件目成功 : NEW
音楽教室チラシ
[log: 2021-01-04-00-29-13] 44件目成功 : Pythonでのクローラ開発とクロール
[log: 2021-01-04-00-29-13] ランサーズ最終ページです。
[log: 2021-01-04-00-29-13] 46件目成功 : 新ベンチャーにて未来のCTO候補として新Webサービス開発のお願い
[log: 2021-01-04-00-29-13] 47件目成功 : 【フルリモート案件/継続依頼あり】仕事の悩みを解決するためのWebサービス（SaaS）の開発
[log: 2021-01-04-00-29-13] 48件目成功 : ECサイトで売れた商品の発送先印刷自動化のプログラム構築
[log: 2021-01-04-00-29-13] 49件目成功 : JavaScriptで積立投資信託シミュレーションシステムの構築
[log: 2021-01-04-00-29-14] 50件目成功 : アマゾンからデータ抽出してスプレッドシートもしくはCSVに出力できるソフト開発
[log: 2021-01-04-00-29-14] 51件目成功 : Excel帳簿管理シート作成　オンライン物販作業代行業者向け　配送料、代行依頼費、雑費等入力
[log: 2021-01-04-00-29-14] 52件目成功 : Pythonを使ったシステムの作り方を教えてください。
[log: 2021-01-04-00-29-14] 53件目成功 : WordPressで、特定のパラメーター（例）「?3728」をWordPressのキーワード検索画面および検索結果での記事...
[log: 2021-01-04-00-29-14] 54件目成功 : 動画配信CMSの改修
[log: 2021-01-04-00-29-14] 55件目成功 : ツイッターの自動化ツールの開発をお願いします。
[log: 2021-01-04-00-29-14] 56件目成功 : 「サイト構築・ウェブ開発」のお仕事のご相談
[log: 2021-01-04-00-29-15] 57件目成功 : 【法人の方のみお願いします】C to Cマッチングサービスの開発案件
[log: 2021-01-04-00-29-15] 58件目成功 : オンラインカジノ自動ツール作成の依頼
[log: 2021-01-04-00-29-21] 59件目成功 : 【毎月4～20万円、時給1,200円～】誇れる特殊スキルをお持ちの方！時給制で一緒に作業を行いましょう！２
[log: 2021-01-04-00-29-21] 60件目成功 : Facebook APIを利用したシステム開発の経験ある人求む！！！！
[log: 2021-01-04-00-29-21] 61件目成功 : WordPressで、特定のパラメーター（例）「?3728」をWordPressのキーワード検索画面および検索結果での記事...
[log: 2021-01-04-00-29-21] 62件目成功 : 動画配信CMSの改修
[log: 2021-01-04-00-29-21] 63件目成功 : MT4自動売買EAの作成依頼、又は買取
[log: 2021-01-04-00-29-21] 64件目成功 : ArtGridから、ジャンルごとに動画素材をダウンロードし、googleドライブにアップロードする
[log: 2021-01-04-00-29-22] 65件目成功 : 【完全在宅/副収入◎/教育】Ruby学習をサポートするメンター（講師）業務の募集！
[log: 2021-01-04-00-29-22] 66件目成功 : 事業細分化に伴うアクセス数が取れるサイトの作成
[log: 2021-01-04-00-29-22] 67件目成功 : 【業務委託】完全リモートのエンジニア募集！
[log: 2021-01-04-00-29-22] 68件目成功 : Oracleサーバーの構築・管理(運用)
[log: 2021-01-04-00-29-22] 69件目成功 : ツイッターの自動化ツールの開発をお願いします。
[log: 2021-01-04-00-29-22] 70件目成功 : 「サイト構築・ウェブ開発」のお仕事のご相談
[log: 2021-01-04-00-29-22] 71件目成功 : 【法人の方のみお願いします】C to Cマッチングサービスの開発案件
[log: 2021-01-04-00-29-23] 72件目成功 : オンラインカジノ自動ツール作成の依頼
[log: 2021-01-04-00-29-23] 73件目成功 : 【急募】関税計算ツール【スプレッドシート】
[log: 2021-01-04-00-29-23] 74件目成功 : jQueryによる認証システム
[log: 2021-01-04-00-29-23] 75件目成功 : 新規ウィジェットの追加
[log: 2021-01-04-00-29-23] 76件目成功 : Googleキーワードリサーチプログラムの開発依頼
[log: 2021-01-04-00-29-23] 77件目成功 : インフルエンサーの管理システムについて
[log: 2021-01-04-00-29-24] 78件目成功 : 夜間・在宅でのお仕事　Salesforceエンジニア求む！
[log: 2021-01-04-00-29-24] 79件目成功 : Laravel（PHP）とJavaScriptでのWebアプリ開発案件
[log: 2021-01-04-00-29-24] 80件目成功 : 仮想通貨 mmbot 作成依頼
[log: 2021-01-04-00-29-24] 81件目成功 : 既存システムとAWSカスタマイズ
[log: 2021-01-04-00-29-24] 82件目成功 : 【 Laravel 】勤務実績管理のシステム補修
[log: 2021-01-04-00-29-24] 83件目成功 : angularを使用したSPAでのコーポレートサイト実装　Web構築
[log: 2021-01-04-00-29-24] 84件目成功 : 企業Webサイトの静的ページコーディング
[log: 2021-01-04-00-29-25] 85件目成功 : linux(AWS lightsail)へVPNサーバ構築
[log: 2021-01-04-00-29-25] 86件目成功 : Tableauのデモ画面作成支援
[log: 2021-01-04-00-29-25] 87件目成功 : YahooショッピングとヤマトB2クラウド連携で送り状自動作成ができるマクロの開発依頼
[log: 2021-01-04-00-29-25] 88件目成功 : C＃で作成した基幹システム（在庫管理）のリプレイス
[log: 2021-01-04-00-29-25] 89件目成功 : 【LINE@の制作・デザイン】
[log: 2021-01-04-00-29-25] 90件目成功 : マクロの作成　2種類
[log: 2021-01-04-00-29-25] 91件目成功 : LaravelによるWEBアプリ開発のお仕事｜プロフェッショナル求む
[log: 2021-01-04-00-29-26] 92件目成功 : 【Webおよびリモートデスクトップ上での3～5時間の作業＆アンケート】Javaによる実務経験3年以上の方、追加募集
[log: 2021-01-04-00-29-26] 93件目成功 : 中国語が得意な人・好きな人方歓迎　主婦さん歓迎　服が好きな人大歓迎
[log: 2021-01-04-00-29-26] 94件目成功 : 中国語が得意な人・好きな人方歓迎　主婦さん歓迎　服が好きな人大歓迎
[log: 2021-01-04-00-29-26] 95件目成功 : システムエンジニア（SE・PG）募集
[log: 2021-01-04-00-29-26] 96件目成功 : オンライン校正＋辞書登録
[log: 2021-01-04-00-29-26] 97件目成功 : [AdminLTE PHP] Web管理画面の調整 (FWTY)
[log: 2021-01-04-00-29-27] 98件目成功 : 【デザインを一部含みます】既存作成の情報サイト(WordPressで管理)に業界カオスマップのページを1ページ...
[log: 2021-01-04-00-29-27] 99件目成功 : 自社新規事業のシステム開発（フロント）
[log: 2021-01-04-00-29-27] 100件目成功 : 『簡易システム』Instagramリールの保存機能
[log: 2021-01-04-00-29-27] 101件目成功 : 【プロ限定】メールに添付のデータを会員サイトで特定の会員だけに表示するソフト制作依頼
[log: 2021-01-04-00-29-27] 102件目成功 : スタイリストサービスのマッチングサイト
[log: 2021-01-04-00-29-27] 103件目成功 : 【急募】短縮URL制作とリンク切れ時の表示URLの一括変更ソフト制作　単体ソフト
[log: 2021-01-04-00-29-28] 104件目成功 : YouTubeから広告の情報を自動収集するツールの作成
[log: 2021-01-04-00-29-28] 105件目成功 : MT4の注文発注ツールの作成依頼
[log: 2021-01-04-00-29-28] 106件目成功 : Amazon S3互換ストレージでのアクセス制限（ポリシーの設定等）
[log: 2021-01-04-00-29-28] 107件目成功 : WooCommerceのプラグイン設定と動作確認（Amazon S3 CloudFront関連）
[log: 2021-01-04-00-29-28] 108件目成功 : FAQプラットフォーム discourseの構築
[log: 2021-01-04-00-29-28] 109件目成功 : 特定の記事の広告非表示設定のお願い
[log: 2021-01-04-00-29-28] 110件目成功 : （リモート可）LaravelでSaaS系ツール開発をしたいエンジニアの方　※ 週３以上可能な方歓迎
[log: 2021-01-04-00-29-35] 111件目成功 : 【毎月4～20万円、時給1,200円～】誇れる特殊スキルをお持ちの方！時給制で一緒に作業を行いましょう！２
[log: 2021-01-04-00-29-35] 112件目成功 : Facebook APIを利用したシステム開発の経験ある人求む！！！！
[log: 2021-01-04-00-29-35] 113件目成功 : 学習塾の一括請求サイトのシステム開発について
[log: 2021-01-04-00-29-35] 114件目成功 : 楽天市場における在庫監視ツールの作成(入荷通知)
[log: 2021-01-04-00-29-35] 115件目成功 : instagram 分析用　スクレイピングツール
[log: 2021-01-04-00-29-36] 116件目成功 : 【Googleアナリティクス】アドオンを使った情報自動取得の生成
[log: 2021-01-04-00-29-36] 117件目成功 : 時計のカスタムメイドのシュミレーションサイト構築
[log: 2021-01-04-00-29-36] 118件目成功 : 動画配信サービスの作成
[log: 2021-01-04-00-29-36] 119件目成功 : フリマ構築CMSを使ったフリマサイトカスタマイズ
[log: 2021-01-04-00-29-36] 120件目成功 : MT4におけるティックデータを使った通貨の強弱を表すインジケーター作成
[log: 2021-01-04-00-29-36] 121件目成功 : xserverサーバー復旧までの作業 仕事の概要
[log: 2021-01-04-00-29-37] 122件目成功 : Shopifyアプリ開発のPM／ブリッジエンジニア（要件定義、進捗管理、テストなど）
[log: 2021-01-04-00-29-37] 123件目成功 : ASPシステムエラーの改善（アフィリエイトサービスプロバイダ）
[log: 2021-01-04-00-29-37] 124件目成功 : リバースプロキシについての質問【20分2000円】
[log: 2021-01-04-00-29-37] 125件目成功 : [Google Apps Script] Facebook、yahooo広告のrawデータをGoogleスプレッドシートへ連携
[log: 2021-01-04-00-29-37] 126件目成功 : WindowsServer間でクラスタを作成しiSCSIで共有ストレージを参照しているフォルダが突然アクセス不能になる
[log: 2021-01-04-00-29-37] 127件目成功 : 自社ウェブサイトのSEO対策のアドバイス業務
[log: 2021-01-04-00-29-37] 128件目成功 : twitter分析ページ作成
[log: 2021-01-04-00-29-38] 129件目成功 : EA・自動売買システムの開発
[log: 2021-01-04-00-29-38] 130件目成功 : インスタグラム Instagram 情報取得
[log: 2021-01-04-00-29-38] 131件目成功 : perlで作られたフリーCGIをPHPで書き換え
[log: 2021-01-04-00-29-38] 132件目成功 : 作業ログ取得ツールの作成
[log: 2021-01-04-00-29-38] 133件目成功 : LaravelでTurboLinksを使って擬似SPA化をされたことがある方にアドバイスを頂きたいです
[log: 2021-01-04-00-29-38] 134件目成功 : マッチングサイトパッケージのカスタマイズ、デザインとコーディング、アプリ
[log: 2021-01-04-00-29-38] 135件目成功 : 飲食店向けのECサイト開発（①顧客がスマホで注文②注文内容をキッチンプリンタへ連携③QRコード決済）
[log: 2021-01-04-00-29-39] 136件目成功 : 海外の通販サイトから商品情報を取得しCSVで納品してくれる方を募集します。
[log: 2021-01-04-00-29-39] 137件目成功 : Instagram APIを使ったシステム開発
[log: 2021-01-04-00-29-39] 138件目成功 : ElasticSearchデータの整理（SJTS）
[log: 2021-01-04-00-29-39] 139件目成功 : 既存システムとAWSカスタマイズ
[log: 2021-01-04-00-29-39] 140件目成功 : Googleスライドの自動印刷プログラムの作成
[log: 2021-01-04-00-29-39] 141件目成功 : 「サイト構築・ウェブ開発」のお仕事のご相談
[log: 2021-01-04-00-29-39] 142件目成功 : オンラインカジノ自動化ツール作成の依頼
[log: 2021-01-04-00-29-39] 143件目成功 : スクレイピングツールの開発
[log: 2021-01-04-00-29-40] 144件目成功 : Instagram apiを用いたダッシュボード開発
[log: 2021-01-04-00-29-40] 145件目成功 : セールスフォースの機能の整理
[log: 2021-01-04-00-29-40] 146件目成功 : 翻訳システム開発のヘルプ募集
[log: 2021-01-04-00-29-40] 147件目成功 : 【報酬要相談】ショッピングサイトから商品データ抽出のシステム開発
[log: 2021-01-04-00-29-40] 148件目成功 : AutoHotKeyの活用方法をお教えください
[log: 2021-01-04-00-29-40] 149件目成功 : CtoCのサイト構築パッケージ「Mallento」のカスタマイズ
[log: 2021-01-04-00-29-41] 150件目成功 : 弊社で抱えているwebシステム開発にご協力いただけるエンジニアを募集します
[log: 2021-01-04-00-29-41] 151件目成功 : 給与計算ソフトの作成と今後自身でもそのソフトを管理運営していきたいため、そのノウハウのご教授
[log: 2021-01-04-00-29-41] 152件目成功 : 【急募】Javaサブ講師
[log: 2021-01-04-00-29-41] 153件目成功 : オンラインカジノのブラックジャックで使用するカードカウンティングツールの作成依頼
[log: 2021-01-04-00-29-41] 154件目成功 : WIX Storeに星付きレビューとコメント、販売数の表示機能の依頼
[log: 2021-01-04-00-29-41] 155件目成功 : CGM系のサービスでキャンペーン機能やタイアップ関連機能を実装されたことがある方
[log: 2021-01-04-00-29-41] 156件目成功 : pluginの作製
[log: 2021-01-04-00-29-42] 157件目成功 : ブロックチェーン技術の経営者向け個人コーチ
[log: 2021-01-04-00-29-42] 158件目成功 : フリーランスエンジニアで稼いでいる方への取材依頼！
[log: 2021-01-04-00-29-42] 159件目成功 : Twitter API を用いて、基準となる写真からTL(タイムライン)上の写真を類似検索するソフトの開発
[log: 2021-01-04-00-29-42] 160件目成功 : レンタルサーバー内WordPressへ適切なパーミッションを設定
[log: 2021-01-04-00-29-42] 161件目成功 : マッチングサイト
[log: 2021-01-04-00-29-42] 162件目成功 : ヤフオクの出品ツールの修正をして頂ける方！
[log: 2021-01-04-00-29-48] 163件目成功 : Facebook APIを利用したシステム開発の経験ある人求む！！！！
[log: 2021-01-04-00-29-48] 164件目成功 : 【毎月4～20万円、時給1,200円～】誇れる特殊スキルをお持ちの方！時給制で一緒に作業を行いましょう！２
[log: 2021-01-04-00-29-48] 165件目成功 : コンサルティング会社ウェブサイト作成
[log: 2021-01-04-00-29-48] 166件目成功 : Filemakerでの開発
[log: 2021-01-04-00-29-49] 167件目成功 : システム会社の実態を教えてください。
[log: 2021-01-04-00-29-49] 168件目成功 : Twitter API を用いて、基準となる写真からTL(タイムライン)上の写真を類似検索するソフトの開発
[log: 2021-01-04-00-29-49] 169件目成功 : グーグルスプレッドシートの自動計算
[log: 2021-01-04-00-29-49] 170件目成功 : グーグルで検索したときに表示される店舗情報を抽出
[log: 2021-01-04-00-29-49] 171件目成功 : Googleスプレッドシートを利用したGAS開発（GAS必須ではありません）
[log: 2021-01-04-00-29-49] 172件目成功 : PageSpeed Insightsで100点を目指したい！
[log: 2021-01-04-00-29-50] 173件目成功 : stripe決済の合計金額の表記の修正
[log: 2021-01-04-00-29-50] 174件目成功 : Excel VBAを使ったWEBサイトの自動画面推移ツールの開発
[log: 2021-01-04-00-29-50] 175件目成功 : ヤフオクの出品ツールの修正をして頂ける方！
[log: 2021-01-04-00-29-50] 176件目成功 : ECサイト自動発送プログラムの開発依頼
[log: 2021-01-04-00-29-50] 177件目成功 : React案件。３種類のグラフをWEB描画させる
[log: 2021-01-04-00-29-50] 178件目成功 : VBAマクロの作成（Google広告結果の基礎集計マクロ）
[log: 2021-01-04-00-29-50] 179件目成功 : wordpress のフォームと　Paid決済（BtoB決済）の連携
[log: 2021-01-04-00-29-51] 180件目成功 : NW機器のconfigバックアップのご依頼
[log: 2021-01-04-00-29-51] 181件目成功 : オリジナルデザイングッズのシミュレータシステム開発
[log: 2021-01-04-00-29-51] 182件目成功 : シェアリングエコノミー系のサイト構築
[log: 2021-01-04-00-29-51] 183件目成功 : Tiktok自動化ツール
[log: 2021-01-04-00-29-51] 184件目成功 : マッチングサイト
[log: 2021-01-04-00-29-51] 185件目成功 : くじ引き要素のあるECサイト構築
[log: 2021-01-04-00-29-52] 186件目成功 : 塾経営においての予約管理システムの制作依頼
[log: 2021-01-04-00-29-52] 187件目成功 : 法人リスト自動リストアップサイト
[log: 2021-01-04-00-29-52] 188件目成功 : furimo（フリモ）を使ったフリマサイト制作
[log: 2021-01-04-00-29-52] 189件目成功 : 2サイト分のECサイトデザイン
[log: 2021-01-04-00-29-52] 190件目成功 : AWS S3のコスト削減
[log: 2021-01-04-00-29-52] 191件目成功 : 会員サイトのシステム開発の依頼
[log: 2021-01-04-00-29-52] 192件目成功 : 業務管理システムを作成するお仕事です
[log: 2021-01-04-00-29-53] 193件目成功 : WEB上カップリング投票システム！cookie等を用いた合コン街コン婚活パーティでのカップリング投票システム
[log: 2021-01-04-00-29-53] 194件目成功 : フリマサイト構築案件
[log: 2021-01-04-00-29-53] 195件目成功 : SNSサービスの開発依頼
[log: 2021-01-04-00-29-53] 196件目成功 : 【ワードプレス】検索サイト構築
[log: 2021-01-04-00-29-53] 197件目成功 : スタートアップの新規Webサービス構築にあたりエンジニアを求めてます。
[log: 2021-01-04-00-29-53] 198件目成功 : YouTubeから情報を自動収集するツールの作成
[log: 2021-01-04-00-29-54] 199件目成功 : GoogleSpreadシートを使用したwebアプリ開発
[log: 2021-01-04-00-29-54] 200件目成功 : シェアリングエコノミー系のサイト構築
[log: 2021-01-04-00-29-54] クラウドワークス最終ページです。
[log: 2021-01-04-00-29-54] 処理完了 成功件数: 201 件 / 失敗件数: 0 件
