[log: 2020-12-31-03-38-26] スタートします
[log: 2020-12-31-03-39-02] 0件目成功 : ランディングペ－ジ作成
[log: 2020-12-31-03-39-02] 1件目成功 : 【総額4.5万円】LP制作【デザインのみ】
[log: 2020-12-31-03-39-02] 2件目成功 : 週15時間〜業務OK！《運営サイトのランディングページ(LP)制作をしてくれる方募集！》長期契約！作業時間自由！
[log: 2020-12-31-03-39-03] 3件目成功 : 【LP制作】デザインのみの納品希望　継続依頼あり
[log: 2020-12-31-03-39-03] 4件目成功 : ランディングページ制作
[log: 2020-12-31-03-39-03] 5件目成功 : 【家庭と仕事が両立できる‼完全在宅WEBデザイナー】WEBページ制作/サイト更新・修正/バナー制作◎継続案件
[log: 2020-12-31-03-39-03] 6件目成功 : 企業向け若手・新人研修プログラム開催のランディングページの制作
[log: 2020-12-31-03-39-04] 7件目成功 : 【報酬UP★納期相談応じます！継続あり】「男性サプリ」のAmazon商品画像作成のお仕事！ライティングまでできるデ...
[log: 2020-12-31-03-39-04] 8件目成功 : リフォーム領域のマッチングサイトサイトの構築
[log: 2020-12-31-03-39-05] 9件目成功 : 学習塾の業務委託運営者を募集するためのLPの制作
[log: 2020-12-31-03-39-07] 10件目成功 : 継続◎　登録されるリスト収集ページと広告バナーの作成
[log: 2020-12-31-03-39-17] 11件目成功 : 食品のランディングページの作成
[log: 2020-12-31-03-39-24] 12件目成功 : NEW
コーディング済サイトの一部修正 (1ページ)
[log: 2020-12-31-03-39-24] 13件目成功 : 当社製品紹介サイトの作成
[log: 2020-12-31-03-39-29] 14件目成功 : NEW
初回
【WordPress】日本酒を作っている老舗酒造のHP制作(topページのみ)
[log: 2020-12-31-03-39-32] 15件目成功 : LP制作のご相談ー継続案件の可能性有り
[log: 2020-12-31-03-39-33] 16件目成功 : NEW
2回目
PR
営業代行企業のLP制作者募集
[log: 2020-12-31-03-39-35] 17件目成功 : NEW
ホームページのコーディング(レスポンシブ)
[log: 2020-12-31-03-39-36] 18件目成功 : 2回目
教育ファームを軸とする農家のホームページ制作
[log: 2020-12-31-03-39-36] 19件目成功 : 2回目
新規小児科クリニックのホームページ作成
[log: 2020-12-31-03-39-36] 20件目成功 : 【再依頼】食肉加工卸売の会社のコーポレートサイトリニューアル
[log: 2020-12-31-03-39-36] 21件目成功 : NEW
2回目
営業代行企業のLP制作者募集
[log: 2020-12-31-03-39-37] 22件目成功 : NEW
WordPressによる学習塾HPの作成（新規全17ページ／1月末納品希望）
[log: 2020-12-31-03-39-37] 23件目失敗 : NEW
限定公開
限定公開の仕事
[log: 2020-12-31-03-39-37] list index out of range
[log: 2020-12-31-03-39-37] 23件目失敗 : NEW
限定公開
限定公開の仕事
[log: 2020-12-31-03-39-37] list index out of range
[log: 2020-12-31-03-39-39] 25件目成功 : 既存WIXサイトのブラッシュアップ
[log: 2020-12-31-03-39-40] 26件目成功 : NEW
3回目
急募
テンプレートを用いたWordPressでのHP制作
[log: 2020-12-31-03-39-40] 27件目成功 : 建築デザイン会社HPのHTML,CSS,JSコーディング
[log: 2020-12-31-03-39-40] 26件目成功 : Shopify　（ショップサイト）　5ページ程度の作成お願いします。　（商品ページの改善は基本なし　2ページの整形程度
[log: 2020-12-31-03-39-40] 28件目成功 : NEW
XDで起こしたデザインをWordPressにて構築していただける方(コーディングのみ)
[log: 2020-12-31-03-39-41] 29件目成功 : 初回
女性向けセレクトショップのホームページ作成
[log: 2020-12-31-03-39-41] 30件目成功 : NEW
急募
LPコーディング作業2件【デザイン支給・ひとつは納期1/4】
[log: 2020-12-31-03-39-42] 31件目成功 : NEW
初回
ロボット・プログラミング教室のランディングページ制作者様募集【フルリモートOK】
[log: 2020-12-31-03-39-42] 31件目成功 : 【継続・高単価】コンサルティング企業のLP（ランディングページ）制作
[log: 2020-12-31-03-39-42] 32件目成功 : NEW
2回目
【再依頼】食肉加工卸売の会社のコーポレートサイトリニューアル
[log: 2020-12-31-03-39-42] 33件目成功 : NEW
3回目
不動産情報サイトの構築
[log: 2020-12-31-03-39-42] 34件目成功 : オンライン展示会のフロントページのコーディング作業（デザインデータ有）【納期：1/6】
[log: 2020-12-31-03-39-45] 37件目成功 : ウェブサービスのランディングページを作りたい
[log: 2020-12-31-03-39-46] 38件目成功 : 【長野】アウトドアショップのwebサイト制作
[log: 2020-12-31-03-39-46] 39件目成功 : NEW
不動産投資セミナーのランディングページ（LP）制作
[log: 2020-12-31-03-39-46] 40件目成功 : 酵素ドリンクのランディングページ制作 をお願いいたします。
[log: 2020-12-31-03-39-46] 41件目成功 : ECサイト用 ランディングページ制作を行って頂ける方を募集します！(楽天市場/ヤフーショッピング）
[log: 2020-12-31-03-39-46] 42件目成功 : NEW
本出版のランディングページ制作およびコーディング
[log: 2020-12-31-03-39-47] 43件目成功 : 【継続依頼あり】就活・転職サービスのLP制作
[log: 2020-12-31-03-39-47] 44件目成功 : NEW
【継続受注可能な方】フロントコーダー募集
[log: 2020-12-31-03-39-47] 45件目成功 : lpのカスタマイズをお願いします
[log: 2020-12-31-03-39-47] 46件目成功 : 教育テキストLP作成(コピー有り)デザイン、コーディングの依頼
[log: 2020-12-31-03-39-48] 47件目成功 : ≪長期でお願いできる方歓迎！≫在宅WEBデザイナー募集中！1案件2,000円～！話題のテレワークであなたのスキルを発...
[log: 2020-12-31-03-39-48] 48件目成功 : 美容室（美容師）向けヘアスタイルレンタルサイトのLP作成
[log: 2020-12-31-03-39-48] 49件目成功 : LPデザイン制作・コーディング・サイト公開作業【納期：1/4】
[log: 2020-12-31-03-39-48] 50件目失敗 : 限定公開
限定公開の仕事
[log: 2020-12-31-03-39-48] list index out of range
[log: 2020-12-31-03-39-48] 51件目成功 : 【企業案件】副業スクールのランディングページ制作（継続依頼あり）
[log: 2020-12-31-03-39-49] 52件目成功 : LP作成　新規事業のランディングページを作成して頂ける方を募集します
[log: 2020-12-31-03-39-49] 53件目成功 : 【 継続依頼 】楽天用のランディングページ（LP）作成 ＜クオリティ重視＞
[log: 2020-12-31-03-39-49] 54件目成功 : 【継続・高単価】企業のLP制作＊ClickFunnels（クリックファネル）が使える方
[log: 2020-12-31-03-39-50] 55件目成功 : BtoB向けのランディングページの制作です。保育園、幼稚園、学童保育などの保育施設、教育施設向けのプラットフォーム...
[log: 2020-12-31-03-39-50] 56件目成功 : ≪嬉しい長期案件≫在宅WEBデザイナー募集中！採用後時給1,450円～・昇給あり！あなたの力を貸してください！
[log: 2020-12-31-03-39-50] 57件目成功 : HP制作会社のLP作成【デザインのみ】
[log: 2020-12-31-03-39-51] 58件目成功 : 継続的な寄付募集のLP作成
[log: 2020-12-31-03-39-51] 59件目成功 : 【長期契約】事業拡⼤に伴いLP制作(デザイン・コーディング)できる⽅を募集
[log: 2020-12-31-03-39-51] 60件目成功 : SEO対策会社のLP作成【デザインのみ】
[log: 2020-12-31-03-39-52] 61件目成功 : オンライン学習塾のLP作成
[log: 2020-12-31-03-39-52] 62件目成功 : ランディングページ一式の構築
[log: 2020-12-31-03-39-52] 63件目成功 : 不動産投資セミナーのランディングページ（LP）制作
[log: 2020-12-31-03-39-52] 64件目成功 : 再生医療の啓蒙サイトのSEO用特集ランディングページ作成
[log: 2020-12-31-03-39-52] 65件目成功 : LINE登録誘導LPの作成依頼
[log: 2020-12-31-03-39-53] 66件目成功 : 美容&ダイエットサプリのLP（ランディングページ）デザイン制作
[log: 2020-12-31-03-39-53] 67件目成功 : 商用車買取トのランディングページ制作
[log: 2020-12-31-03-39-53] 68件目成功 : 売れる　結婚指輪と婚約指輪のLP制作
[log: 2020-12-31-03-39-53] 69件目成功 : 医療系　LP デザイン、コーディング
[log: 2020-12-31-03-39-53] 70件目成功 : ホームページリニューアルによるデザインカンプ制作
[log: 2020-12-31-03-39-53] 71件目成功 : 人材会社の「新サービス」のサービスページ
[log: 2020-12-31-03-39-54] 72件目成功 : 営業代行企業のLP制作者募集
[log: 2020-12-31-03-39-54] 73件目成功 : 売り上げ重視で　結婚指輪と婚約指輪のLP制作
[log: 2020-12-31-03-39-54] 74件目成功 : ランディングページのWebデザイナー・コーダー募集
[log: 2020-12-31-03-39-54] クラウドワークス最終ページです。終了します。
[log: 2020-12-31-03-39-54] 75件目成功 : 2回目
土木工事会社のホームページリニューアル
[log: 2020-12-31-03-40-34] 76件目成功 : NEW
WebサービスのマイページのUI設計・デザイン（PC / スマホ）
[log: 2020-12-31-03-40-35] 77件目成功 : NEW
既存のホームページ内の一部をCMS導入にして、更新を簡単にできるようにしたいです
[log: 2020-12-31-03-40-37] 78件目成功 : NEW
2回目
福祉施設の求人用Webサイト制作（STUDIOを使用）
[log: 2020-12-31-03-40-37] 79件目成功 : NEW
システム開発会社のwordpressでのHP制作のご依頼
[log: 2020-12-31-03-40-38] 80件目成功 : NEW
注目
あきばれで作ったホームページのリメイク
[log: 2020-12-31-03-40-38] 81件目成功 : NEW
包丁販売サイト（shopify）コーディング（レスポンシブ対応）
[log: 2020-12-31-03-40-40] 82件目成功 : NEW
2回目
コンサルティングのランディングページ
[log: 2020-12-31-03-40-41] 83件目成功 : NEW
初回
継続案件有:女性向けファッションEC「和風ルームウェア」の雑誌風LPデザインをお願いします
[log: 2020-12-31-03-40-42] 84件目成功 : 初回
一部上場企業のWebサイトリニューアルにおけるWebディレクション
[log: 2020-12-31-03-40-42] 85件目成功 : 漫画・ラノベサイトの製作・コーディング作業
[log: 2020-12-31-03-40-42] 85件目成功 : NEW
既存のセールスレターをオートSNS内で再構築できる方募集（デザイン・コーディング）
[log: 2020-12-31-03-40-42] 87件目成功 : NEW
注目
ShopifyのShogunを使用したランディングページ制作（１ページ）
[log: 2020-12-31-03-40-42] 87件目成功 : 経験者限定 | Amazon・楽天のランディングぺージLPの作成のお仕事
[log: 2020-12-31-03-40-42] 89件目成功 : NEW
観光系ARアプリのUIデザイン（iPhone）
[log: 2020-12-31-03-40-42] 89件目成功 : 2回目
ワインショップ「Sommelier Due」のＬＰ制作のマンツーマン指導
[log: 2020-12-31-03-40-42] 91件目成功 : 初回
データ設計を含む、Tableauでのダッシュボード作成
[log: 2020-12-31-03-40-42] 91件目成功 : NEW
初回
wordpressマルチサイトをシングルサイトに変更できる方を探しています
[log: 2020-12-31-03-40-42] 91件目成功 : NEW
【継続受注可能な方】WEBサイト/LPデザイン デザイナー募集
[log: 2020-12-31-03-40-42] 94件目成功 : NEW
ECサイトの商品ページの商品撮影・画像制作
[log: 2020-12-31-03-40-42] 95件目成功 : NEW
【スカルプ青汁】の記事LP作成
[log: 2020-12-31-03-40-43] 96件目成功 : NEW
マッチングサイトの開発
[log: 2020-12-31-03-40-43] 97件目成功 : NEW
【赤坂/週1来社あり】webデザイン制作・webサイト制作・LP制作のできる方を募集！【中長期】
[log: 2020-12-31-03-40-43] 97件目成功 : NEW
台湾食器メーカーの公式HP作成、ECサイト構築（日本向け）
[log: 2020-12-31-03-40-43] 99件目成功 : 2回目
ノーコード（プログラミングレス）環境のUIデザイン、イラスト作成
[log: 2020-12-31-03-40-43] 100件目成功 : コーディング 指示書作成(スプレットシート)
[log: 2020-12-31-03-40-45] ランサーズ最終ページです。終了します。
[log: 2020-12-31-03-40-45] 処理完了 成功件数: 98 件 / 失敗件数: 3 件
