[log: 2020-12-31-03-19-00] 0件目成功 : Facebook APIを利用したシステム開発の経験ある人求む！！！！
[log: 2020-12-31-03-19-04] 1件目成功 : 【至急】楽天サイトのカート不具合の解消・構築依頼
[log: 2020-12-31-03-19-04] 2件目成功 : くじ引き要素のあるECサイト構築
[log: 2020-12-31-03-19-04] 3件目成功 : ★報酬30万円！ECサイトの自動出品ツール開発
[log: 2020-12-31-03-19-05] 4件目成功 : RPA・ディープラーニング・AIのコーチ
[log: 2020-12-31-03-19-05] 5件目成功 : EC-CUBE のカスタマイズ
[log: 2020-12-31-03-19-06] 6件目成功 : Unity3D シミュレーションソフトの開発
[log: 2020-12-31-03-19-06] 7件目成功 : 講師急募！SAP Basis の研修
[log: 2020-12-31-03-19-07] 8件目成功 : C＃で作成した基幹システム（在庫管理）のリプレイス
[log: 2020-12-31-03-19-15] 9件目成功 : 自社新規事業のシステム開発（バックエンド）
[log: 2020-12-31-03-19-22] 10件目成功 : フル在宅　進行管理　コミュニケーション多め　出版社公式YouTube運営
[log: 2020-12-31-03-19-38] 11件目成功 : 初回
請求管理システム入替に伴う小規模開発(AWS,Lambda,Python)
[log: 2020-12-31-03-19-39] 12件目成功 : NEW
2回目
Excelでの計算シート作成
[log: 2020-12-31-03-19-40] 13件目成功 : マッチングサイト構築案件
[log: 2020-12-31-03-19-41] 13件目成功 : 2回目
オリジナルデザイングッズのシミュレータシステム開発
[log: 2020-12-31-03-19-41] 15件目成功 : NEW
初回
AWS SME資格保持者によるプルーフリーディング
[log: 2020-12-31-03-19-43] 16件目失敗 : 急募
限定公開
限定公開の仕事
[log: 2020-12-31-03-19-43] list index out of range
[log: 2020-12-31-03-19-46] 17件目成功 : NEW
Excel帳簿管理シート作成　オンライン物販作業代行業者向け　配送料、代行依頼費、消耗費等入力
[log: 2020-12-31-03-19-47] 18件目成功 : 【長期案件：パートナー募集】当社システムの保守および開発を長く携わって頂ける方
[log: 2020-12-31-03-19-49] 19件目成功 : NEW
会員サイトのシステム開発の依頼
[log: 2020-12-31-03-19-49] 20件目成功 : NEW
データの抽出クローリング・スクレイピングの仕事
[log: 2020-12-31-03-19-49] 21件目成功 : NEW
初回
デューデリジェンスシステムの開発及びデザイン
[log: 2020-12-31-03-19-49] 22件目成功 : サイトの離脱時にポップアップを表示するためのスクリプト開発
[log: 2020-12-31-03-19-49] 23件目成功 : 仕事を提供する企業と仕事を探してる人材のマッチングサービス
[log: 2020-12-31-03-19-49] 24件目成功 : Filemakerでの開発
[log: 2020-12-31-03-19-49] 24件目成功 : NEW
初回
Webアンケートシステムの開発
[log: 2020-12-31-03-19-49] 24件目成功 : php + selenium webdriver chrome によるクリックシステムの一部制作
[log: 2020-12-31-03-19-49] 27件目成功 : NEW
Salesforceの「CMS Connect 」についての相談
[log: 2020-12-31-03-19-49] 28件目成功 : NEW
生花市場のデータ取得、販売システムの構築
[log: 2020-12-31-03-19-49] 28件目成功 : NEW
2回目
海外の通販サイトから商品情報を取得しCSVで納品してくれる方を募集します。
[log: 2020-12-31-03-19-49] 30件目成功 : NEW
エクセルの関数についてのアドバイスと見本データ作成
[log: 2020-12-31-03-19-50] 31件目成功 : NEW
2回目
AIターゲティングができるインスタグラム自動ツール
[log: 2020-12-31-03-19-50] 32件目成功 : NEW
ml5.jsを用いたReact コンポーネントの作成（Storybookカタログ）
[log: 2020-12-31-03-19-50] 33件目成功 : AIを使ったお問い合わせフォーム 自動化ツール
[log: 2020-12-31-03-19-50] 34件目成功 : NEW
【至急】楽天サイトに詳しい方にお願い
[log: 2020-12-31-03-19-50] 34件目成功 : wordpress 会員サイト お気に入り登録
[log: 2020-12-31-03-19-50] 36件目成功 : NEW
2回目
社内用のTwitterツールの開発
[log: 2020-12-31-03-19-50] 36件目成功 : NEW
【 Laravel 】勤務実績管理のシステム補修
[log: 2020-12-31-03-19-50] 36件目成功 : NEW
初回
PythonでTicktokのスクレイピング
[log: 2020-12-31-03-19-50] 36件目成功 : Web版カプセルサプライズ開発
[log: 2020-12-31-03-19-50] 36件目成功 : NEW
（リモート可）LaravelでSaaS系ツール開発をしたいエンジニアの方　※ 週３以上可能な方歓迎
[log: 2020-12-31-03-19-50] 36件目成功 : NEW
エクセルでのマクロ修正、追加作業
[log: 2020-12-31-03-19-50] 40件目成功 : NEW
当社運営のサイトのコピーとバックアップ
[log: 2020-12-31-03-19-50] 43件目成功 : 現サイト（WordPress+EC-CUBE2.12）をEC-CUBE4へ移行
[log: 2020-12-31-03-19-50] 44件目成功 : 新規ウィジェットの追加
[log: 2020-12-31-03-19-51] 45件目成功 : CMSに沿ったデザイン案件
[log: 2020-12-31-03-19-52] 46件目成功 : Ui Pathを使ったECサイトの受注管理・発注業務の自動化にご協力頂ける方を探しております。
[log: 2020-12-31-03-19-53] 47件目成功 : ツイッターの自動化ツールの開発をお願いします。
[log: 2020-12-31-03-19-53] 48件目成功 : 仮想通貨 mmbot 作成依頼
[log: 2020-12-31-03-19-53] 49件目成功 : 【完全在宅/副収入◎/教育】Ruby学習をサポートするメンター（講師）業務の募集！
[log: 2020-12-31-03-19-54] 50件目成功 : ElasticSearchデータの整理（SJTS）
[log: 2020-12-31-03-19-54] 51件目成功 : 「サイト構築・ウェブ開発」のご相談です
[log: 2020-12-31-03-19-54] 52件目成功 : ASP スマホアプリトラッキング機能の追加開発
[log: 2020-12-31-03-19-54] 53件目成功 : Railsアプリの実装を手伝ってくださる方
[log: 2020-12-31-03-19-55] 54件目成功 : オンラインサイトのバリアントコードを調べるツール作成
[log: 2020-12-31-03-19-55] 55件目成功 : 【完全在宅/副収入◎/教育】 Python/AI学習をサポートするメンター（講師）業務の募集！（※Pythonのみ応募も可）
[log: 2020-12-31-03-19-56] 56件目成功 : Amazon SP-API、MWS用に開発者カウント取得のお手伝い
[log: 2020-12-31-03-19-56] 57件目成功 : gmailとチャットワーク、dropbox連携システム
[log: 2020-12-31-03-19-56] 58件目成功 : 【 Laravel 】勤務実績管理のシステム補修
[log: 2020-12-31-03-19-57] 59件目成功 : 【Zoomyテーマの改良】プロフィールページにコメント一覧・いいね一覧のタブを追加
[log: 2020-12-31-03-19-57] 60件目成功 : Twitter API を用いてキーワード検索で引っかかった投稿をリスト化
[log: 2020-12-31-03-19-57] 61件目成功 : AIモデルのフレームワークの書き換え作業（Tensor flow ver1→pytorch）
[log: 2020-12-31-03-19-58] 62件目成功 : 【競馬】日刊コンピの分析について #日刊スポーツ
[log: 2020-12-31-03-19-58] 63件目成功 : 【Webおよびリモートデスクトップ上での3～5時間の作業＆アンケート】Javaによる実務経験3年以上の方、追加募集
[log: 2020-12-31-03-19-58] 64件目成功 : サイトの表示速度改善
[log: 2020-12-31-03-19-58] 65件目成功 : 顧客SNSパスワードの暗号化受信及びシステムへのパスワード復号化
[log: 2020-12-31-03-19-59] 66件目成功 : 【京都】ベンチャーにてUnity製ゲーム開発
[log: 2020-12-31-03-19-59] 67件目成功 : 夜間・在宅でのお仕事　Salesforceエンジニア求む！
[log: 2020-12-31-03-19-59] 68件目成功 : 不動産投資型のクラウドファンディングサイト・システムの開発
[log: 2020-12-31-03-19-59] 69件目成功 : 企業Webサイトの静的ページコーディング
[log: 2020-12-31-03-20-00] 70件目成功 : 小規模会員サイトのプログラミング
[log: 2020-12-31-03-20-00] 71件目成功 : オンラインカジノ自動ツール作成の依頼
[log: 2020-12-31-03-20-00] 72件目成功 : 在庫管理システムの構築
[log: 2020-12-31-03-20-00] 73件目成功 : 「サイト構築・ウェブ開発」のお仕事のご相談
[log: 2020-12-31-03-20-00] 74件目成功 : 【Excel制作】海外発送の料金比較表の作成！【安い郵送方法の算出】【見積もり希望】【追加依頼あり】
[log: 2020-12-31-03-20-00] 75件目成功 : Oracleサーバーの構築・管理(運用)
[log: 2020-12-31-03-20-01] 76件目成功 : 【急募！】写真フォルダからのエクセルファイル転送用マクロ構築【要スキル！】
[log: 2020-12-31-03-20-01] 77件目成功 : ブックメーカーの自動ツール開発
[log: 2020-12-31-03-20-01] 78件目成功 : ブラウザ版のTikTok動画を保存出来るシステムの開発
[log: 2020-12-31-03-20-01] 79件目成功 : メールのセキュリティ強化
[log: 2020-12-31-03-20-08] 80件目成功 : Facebook APIを利用したシステム開発の経験ある人求む！！！！
[log: 2020-12-31-03-20-08] 81件目成功 : Laravel-AdminのCSVの文字化け修正
[log: 2020-12-31-03-20-08] 82件目成功 : HTMLコーディング＋応募フォーム制作
[log: 2020-12-31-03-20-09] 83件目成功 : 【Excel制作】海外発送の料金比較表の作成！【安い郵送方法の算出】【見積もり希望】【追加依頼あり】
[log: 2020-12-31-03-20-09] 84件目成功 : Oracleサーバーの構築・管理(運用)
[log: 2020-12-31-03-20-09] 85件目成功 : 【急募！】写真フォルダからのエクセルファイル転送用マクロ構築【要スキル！】
[log: 2020-12-31-03-20-09] 86件目成功 : ブックメーカーの自動ツール開発
[log: 2020-12-31-03-20-09] 87件目成功 : SNSサービスの開発依頼
[log: 2020-12-31-03-20-09] 88件目成功 : オンライン診療支援の開発
[log: 2020-12-31-03-20-10] 89件目成功 : Rails アプリケーションの開発
[log: 2020-12-31-03-20-13] 90件目成功 : 【急募】関税計算ツール【スプレッドシート】
[log: 2020-12-31-03-20-26] 91件目成功 : 自社不動産事業ウェブサイトのグーグルアナリティクスの分析、SEO対策のアドバイス業務
[log: 2020-12-31-03-20-29] 92件目成功 : NEW
amazon セラーセントラルに特化した仕入れ売り上げ管理表
[log: 2020-12-31-03-20-29] 93件目成功 : Amazonサイトの解析を一緒に行っていただける方
[log: 2020-12-31-03-20-29] 94件目成功 : NEW
ZOHO のカスタム関数・Delugeなどを利用したカスタマイズや実装支援
[log: 2020-12-31-03-20-30] 95件目成功 : ローカルの指定ディレクトリにある全てのファイルのパスを取得する関数を書いてください
[log: 2020-12-31-03-20-30] 95件目成功 : NEW
FX自動売買システム作成の依頼
[log: 2020-12-31-03-20-30] 97件目成功 : NEW
2回目
Amazondeの特定商品の入荷検知システム
[log: 2020-12-31-03-20-30] 98件目成功 : セールスフォースの機能の整理
[log: 2020-12-31-03-20-30] 99件目成功 : Railsアプリの実装を手伝ってくださる方
[log: 2020-12-31-03-20-31] 100件目成功 : ワードプレス（メニューのみ）
[log: 2020-12-31-03-20-31] 101件目成功 : NEW
初回
AutoHotKeyの活用方法をお教えください
[log: 2020-12-31-03-20-31] 102件目成功 : NEW
ECサイトの自動購入bot開発
[log: 2020-12-31-03-20-31] 103件目成功 : Nintendo Switch,PS5などの品薄商品が入荷したらTwitterに自動ツイートするもの
[log: 2020-12-31-03-20-31] 103件目成功 : 中国語が得意な人・好きな人方歓迎　主婦さん歓迎　服が好きな人大歓迎
[log: 2020-12-31-03-20-31] 105件目成功 : NEW
3回目
stripelementsを用いた開発の修正
[log: 2020-12-31-03-20-31] 106件目成功 : NEW
とあるライブ配信サイトで視聴数を増加させるツールの作成、開発
[log: 2020-12-31-03-20-31] 107件目成功 : NEW
After EffectsのExtendScriptでテキストの縦横の算出方法を教えてくれる方募集
[log: 2020-12-31-03-20-31] 108件目成功 : janからasin変換ツールを作成していただき、画像データ取得、ヤフオク出品
[log: 2020-12-31-03-20-31] 109件目成功 : NEW
スポーツ施設の最速予約&自動化
[log: 2020-12-31-03-20-31] 110件目成功 : ブラウザ版のTikTok動画を保存出来るシステムの開発
[log: 2020-12-31-03-20-31] 111件目失敗 : NEW
限定公開
限定公開の仕事
[log: 2020-12-31-03-20-31] list index out of range
[log: 2020-12-31-03-20-32] 112件目成功 : NEW
arduino pro micro にOV7670を接続し、qqvgaでデータ取得
[log: 2020-12-31-03-20-32] 113件目成功 : メールのセキュリティ強化
[log: 2020-12-31-03-20-32] 114件目成功 : AWSからxserverへのサーバー移転
[log: 2020-12-31-03-20-32] 115件目成功 : 野球データ系YouTubeチャンネルのデータ収集とエクセル作成
[log: 2020-12-31-03-20-33] 116件目成功 : 翻訳システム開発ヘルプ募集（オブザーバー）
[log: 2020-12-31-03-20-33] 117件目成功 : stripe elementsを用いたspaの修正
[log: 2020-12-31-03-20-33] 118件目成功 : FXのEA（MT4での自動売買）開発（※既にソースコードがあるため、主に改修となります）
[log: 2020-12-31-03-20-33] 119件目成功 : Excel帳簿管理シート作成　オンライン物販作業代行業者向け　配送料、代行依頼費、雑費等入力
[log: 2020-12-31-03-20-33] 120件目成功 : Pythonを使ったシステムの作り方を教えてください。
[log: 2020-12-31-03-20-34] 121件目成功 : 動画配信CMSの改修
[log: 2020-12-31-03-20-34] 122件目成功 : MT4インジケーターのカスタム依頼
[log: 2020-12-31-03-20-34] 123件目成功 : ヤフオクとメルカリの落札履歴をCSV形式でダウンロードするツールの開発
[log: 2020-12-31-03-20-34] 124件目成功 : 株取引のHFTシステムの作成依頼
[log: 2020-12-31-03-20-34] 125件目成功 : リンク遷移時にロード画面を表示する機能・絞り込み検索の結果を並び替える機能の開発【WordPress埋め込み】
[log: 2020-12-31-03-20-35] 126件目成功 : インフルエンサーの管理システムについて
[log: 2020-12-31-03-20-35] 127件目成功 : 事業細分化に伴うアクセス数が取れるサイトの作成
[log: 2020-12-31-03-20-35] 128件目成功 : 観光業（飲食、物販、運送、写真館）既存HP,ECに追加で宝くじ機能を追加
[log: 2020-12-31-03-20-35] 129件目成功 : 【フルリモート案件/継続依頼あり】仕事の悩みを解決するためのWebサービス（SaaS）の開発
[log: 2020-12-31-03-20-35] 130件目成功 : 【LINE@の制作・デザイン】
[log: 2020-12-31-03-20-35] 131件目成功 : 特定URLの自動巡回ツールの開発
[log: 2020-12-31-03-20-36] 132件目成功 : MT4自動売買EAの作成依頼、又は買取
[log: 2020-12-31-03-20-36] 133件目成功 : 変動幅型のナンピンEAの作成依頼。
[log: 2020-12-31-03-20-36] 134件目成功 : Excelで実施回数のカウントと集計
[log: 2020-12-31-03-20-36] 135件目成功 : 【業務委託】完全リモートのエンジニア募集！
[log: 2020-12-31-03-20-36] 136件目成功 : Laravel（PHP）とJavaScriptでのWebアプリ開発案件
[log: 2020-12-31-03-20-36] 137件目成功 : JavaScriptで積立投資信託シミュレーションシステムの構築
[log: 2020-12-31-03-20-36] 138件目成功 : 【急募】BUYMAの商品登録をお願いします【未経験者OK】(スキマ時間で！）
[log: 2020-12-31-03-20-37] 139件目成功 : Pythonでのクローラ開発とクロール
[log: 2020-12-31-03-20-37] 140件目成功 : WindowsからAndroidへの移行
[log: 2020-12-31-03-20-37] 141件目成功 : 中国語が得意な人・好きな人方歓迎　主婦さん歓迎　服が好きな人大歓迎
[log: 2020-12-31-03-20-37] 142件目成功 : 主婦おすすめ！ BUYMAの出品登録のみ＾＾簡単作業⭐️
[log: 2020-12-31-03-20-37] 143件目成功 : CGM系のサービスでキャンペーン機能やタイアップ関連機能を実装されたことがある方
[log: 2020-12-31-03-20-37] 144件目成功 : 『簡易システム』Instagramリールの保存機能
[log: 2020-12-31-03-20-37] 145件目成功 : Yahooストア　ヤフーショッピング 指定したショップの商品情報を取得するツール作成
[log: 2020-12-31-03-20-38] 146件目成功 : CtoCのサイト構築パッケージ「Mallento」のカスタマイズ
[log: 2020-12-31-03-20-44] 147件目成功 : Facebook APIを利用したシステム開発の経験ある人求む！！！！
[log: 2020-12-31-03-20-44] 148件目成功 : 自社新規事業のシステム開発（フロント）
[log: 2020-12-31-03-20-44] 149件目成功 : シェアリングエコノミー型人材マッチングプラットフォームの開発
[log: 2020-12-31-03-20-44] 150件目成功 : MT4の注文発注ツールの作成依頼
[log: 2020-12-31-03-20-44] 151件目成功 : MT4におけるティックデータを使った通貨の強弱を表すインジケーター作成
[log: 2020-12-31-03-20-45] 152件目成功 : ASPシステムエラーの改善（アフィリエイトサービスプロバイダ）
[log: 2020-12-31-03-20-45] 153件目成功 : Instagram APIを使ったシステム開発
[log: 2020-12-31-03-20-45] 154件目成功 : 【プロ限定】メールに添付のデータを会員サイトで特定の会員だけに表示するソフト制作依頼
[log: 2020-12-31-03-20-45] 155件目成功 : Shopifyアプリ開発のPM／ブリッジエンジニア（要件定義、進捗管理、テストなど）
[log: 2020-12-31-03-20-45] 156件目成功 : 基幹システムのバージョンアップ
[log: 2020-12-31-03-20-45] 157件目成功 : PageSpeed Insightsで100点を目指したい！
[log: 2020-12-31-03-20-45] 158件目成功 : 車両整備/販売店連携用の会員制ポータルサイトの構築（運営）
[log: 2020-12-31-03-20-46] 159件目成功 : 【報酬要相談】ショッピングサイトから商品データ抽出のシステム開発
[log: 2020-12-31-03-20-46] 160件目成功 : 作業ログ取得ツールの作成
[log: 2020-12-31-03-20-46] 161件目成功 : 翻訳システム開発のヘルプ募集
[log: 2020-12-31-03-20-46] 162件目成功 : 【急募】短縮URL制作とリンク切れ時の表示URLの一括変更ソフト制作　単体ソフト
[log: 2020-12-31-03-20-46] 163件目成功 : LaravelでTurboLinksを使って擬似SPA化をされたことがある方にアドバイスを頂きたいです
[log: 2020-12-31-03-20-46] 164件目成功 : オンラインカジノ自動化ツール作成の依頼
[log: 2020-12-31-03-20-46] 165件目成功 : インフルエンサーマーケティングツールの開発
[log: 2020-12-31-03-20-47] 166件目成功 : YouTubeから広告を自動収集するツールの作成
[log: 2020-12-31-03-20-47] 167件目成功 : サイト巡回システム
[log: 2020-12-31-03-20-47] 168件目成功 : 【見積もり希望】Excelマクロの機能追加+顧客管理ソフトをAccessで作り変え
[log: 2020-12-31-03-20-47] 169件目成功 : オンプレ　サーバエンジニア
[log: 2020-12-31-03-20-47] 170件目成功 : マッチングサイトパッケージのカスタマイズ、デザインとコーディング、アプリ
[log: 2020-12-31-03-20-47] 171件目成功 : 色値lab値を用いたデータの補正
[log: 2020-12-31-03-20-47] 172件目成功 : 飲食店向けのECサイト開発（①顧客がスマホで注文②注文内容をキッチンプリンタへ連携③QRコード決済）
[log: 2020-12-31-03-20-48] 173件目成功 : laravel + vueを使ったサイドバーのある管理画面の作成。画面1画面と単純なユーザー管理。早期決定あり
[log: 2020-12-31-03-20-48] 174件目成功 : WindowsのDirectX9で動いていたソースコードをDirectX12に書き直すだけのお仕事です。
[log: 2020-12-31-03-20-48] 175件目成功 : xserverサーバー復旧までの作業 仕事の概要
[log: 2020-12-31-03-20-48] 176件目成功 : システム会社の実態を教えてください。
[log: 2020-12-31-03-20-48] 177件目成功 : スタイリストサービスのマッチングサイト
[log: 2020-12-31-03-20-49] 178件目成功 : メルマガシステム
[log: 2020-12-31-03-20-49] 179件目成功 : perlで作られたフリーCGIをPHPで書き換え
[log: 2020-12-31-03-20-49] 180件目成功 : Pocketで保存した記事を、ショートカットキーで一括で開くChromeの拡張機能orブックマークレットの制作
[log: 2020-12-31-03-20-49] 181件目成功 : wordpress のフォームと　Paid決済（BtoB決済）の連携
[log: 2020-12-31-03-20-49] 182件目成功 : AutoHotKeyの活用方法をお教えください
[log: 2020-12-31-03-20-49] 183件目成功 : FAQプラットフォーム discourseの構築
[log: 2020-12-31-03-20-49] 184件目成功 : 時計のカスタムメイドのシュミレーションサイト構築
[log: 2020-12-31-03-20-50] 185件目成功 : キマROOMの物件システムとの連動について
[log: 2020-12-31-03-20-50] 186件目成功 : 弊社SNSで使用するアンケート作成
[log: 2020-12-31-03-20-50] 187件目成功 : スプレッドシートからhtmlファイルを自動生成する仕組みを構築できる方を募集します
[log: 2020-12-31-03-20-50] 188件目成功 : 学習塾の一括請求サイトのシステム開発について
[log: 2020-12-31-03-20-50] 189件目成功 : マッチングサイト
[log: 2020-12-31-03-20-50] 190件目成功 : グーグルスプレッドシートの自動計算
[log: 2020-12-31-03-20-51] 191件目成功 : WIX Storeに星付きレビューとコメント、販売数の表示機能の依頼
[log: 2020-12-31-03-20-51] 192件目成功 : 中国語が得意な人・好きな人方歓迎　主婦さん歓迎　服が好きな人大歓迎
[log: 2020-12-31-03-20-51] 193件目成功 : （リモート可）LaravelでSaaS系ツール開発をしたいエンジニアの方　※ 週３以上可能な方歓迎
[log: 2020-12-31-03-20-51] 194件目成功 : instagram 分析用　スクレイピングツール
[log: 2020-12-31-03-20-51] 195件目成功 : BUYMAでの自動出品ツール、画像加工ツール、海外のサイトの商品情報取得ツール、在庫確認ツールの作成のお願い。
[log: 2020-12-31-03-20-51] 196件目成功 : [AdminLTE PHP] Web管理画面の調整 (FWTY)
[log: 2020-12-31-03-20-51] 197件目成功 : システムエンジニア（SE・PG）募集
[log: 2020-12-31-03-20-57] 198件目成功 : Facebook APIを利用したシステム開発の経験ある人求む！！！！
[log: 2020-12-31-03-20-58] 199件目成功 : 海外の通販サイトから商品情報を取得しCSVで納品してくれる方を募集します。
[log: 2020-12-31-03-20-58] 200件目成功 : Googleスライドの自動印刷プログラムの作成
[log: 2020-12-31-03-20-58] 201件目成功 : 仮想通貨の取引所間の価格差をアラートしてくれるツールを作れる方を募集します
[log: 2020-12-31-03-20-58] 202件目成功 : リバースプロキシについての質問【20分2000円】
[log: 2020-12-31-03-20-58] 203件目成功 : 「サイト構築・ウェブ開発」のお仕事のご相談
[log: 2020-12-31-03-20-58] 204件目成功 : 【急募】Javaサブ講師
[log: 2020-12-31-03-20-58] 205件目成功 : システム会社の実態を教えてください。
[log: 2020-12-31-03-20-59] 206件目成功 : スタイリストサービスのマッチングサイト
[log: 2020-12-31-03-20-59] 207件目成功 : perlで作られたフリーCGIをPHPで書き換え
[log: 2020-12-31-03-20-59] 208件目成功 : Pocketで保存した記事を、ショートカットキーで一括で開くChromeの拡張機能orブックマークレットの制作
[log: 2020-12-31-03-20-59] 209件目成功 : サイト巡回システム
[log: 2020-12-31-03-20-59] 210件目成功 : 【見積もり希望】Excelマクロの機能追加+顧客管理ソフトをAccessで作り変え
[log: 2020-12-31-03-20-59] 211件目成功 : オンプレ　サーバエンジニア
[log: 2020-12-31-03-20-59] 212件目成功 : マッチングサイトパッケージのカスタマイズ、デザインとコーディング、アプリ
[log: 2020-12-31-03-21-00] 213件目成功 : 色値lab値を用いたデータの補正
[log: 2020-12-31-03-21-00] 214件目成功 : メルマガシステム
[log: 2020-12-31-03-21-00] 215件目成功 : YouTubeから広告を自動収集するツールの作成
[log: 2020-12-31-03-21-00] 216件目成功 : WindowsのDirectX9で動いていたソースコードをDirectX12に書き直すだけのお仕事です。
[log: 2020-12-31-03-21-00] 217件目成功 : xserverサーバー復旧までの作業 仕事の概要
[log: 2020-12-31-03-21-00] 218件目成功 : 飲食店向けのECサイト開発（①顧客がスマホで注文②注文内容をキッチンプリンタへ連携③QRコード決済）
[log: 2020-12-31-03-21-00] 219件目成功 : laravel + vueを使ったサイドバーのある管理画面の作成。画面1画面と単純なユーザー管理。早期決定あり
[log: 2020-12-31-03-21-01] 220件目成功 : 【競馬】netkeiba.comから払戻データをcsvに変換してほしいです
[log: 2020-12-31-03-21-01] 221件目成功 : 【要お見積り】パッケージ利用を中心としたシステム再構築のコーディネイト
[log: 2020-12-31-03-21-01] 222件目成功 : オンライン校正＋辞書登録
[log: 2020-12-31-03-21-01] 223件目成功 : AWS S3のコスト削減
[log: 2020-12-31-03-21-01] 224件目成功 : モールの受注を自動で取り込み、仕分け後に各種csvアップロードができるシステムの開発をお願いします。
[log: 2020-12-31-03-21-01] 225件目成功 : シェアリングエコノミー系のサイト構築
[log: 2020-12-31-03-21-01] 226件目成功 : マッチングサイト
[log: 2020-12-31-03-21-02] 227件目成功 : 法人リスト自動リストアップサイト
[log: 2020-12-31-03-21-02] 228件目成功 : Tiktok自動化ツール
[log: 2020-12-31-03-21-02] 229件目成功 : 会員サイトのシステム開発の依頼
[log: 2020-12-31-03-21-02] 230件目成功 : 塾経営においての予約管理システムの制作依頼
[log: 2020-12-31-03-21-02] 231件目成功 : フリマサイト構築案件
[log: 2020-12-31-03-21-02] 232件目成功 : Twitter自動取得・投稿システム
[log: 2020-12-31-03-21-03] 233件目成功 : 【ワードプレス】検索サイト構築
[log: 2020-12-31-03-21-03] 234件目成功 : SNSサービスの開発依頼
[log: 2020-12-31-03-21-03] 235件目成功 : GoogleSpreadシートを使用したwebアプリ開発
[log: 2020-12-31-03-21-03] 236件目成功 : スタートアップの新規Webサービス構築にあたりエンジニアを求めてます。
[log: 2020-12-31-03-21-03] 237件目成功 : WEB上カップリング投票システム！cookie等を用いた合コン街コン婚活パーティでのカップリング投票システム
[log: 2020-12-31-03-21-04] 238件目成功 : スプレッドシートでのスクレイピングシートの作成をお願いします。
[log: 2020-12-31-03-21-04] 239件目成功 : スクレイピングできるWebアプリケーションの開発
[log: 2020-12-31-03-21-04] 240件目成功 : WEBシステム開発プログラマー募集（PHP）
[log: 2020-12-31-03-21-04] 241件目成功 : シェアリングエコノミー系のサイト構築
[log: 2020-12-31-03-21-04] クラウドワークス最終ページです。終了します。
[log: 2020-12-31-03-25-37] ランサーズ最終ページです。終了します。
[log: 2020-12-31-03-25-37] 処理完了 成功件数: 240 件 / 失敗件数: 2 件
