[log: 2021-01-04-00-45-58] スタートします
[log: 2021-01-04-00-46-55] 0件目失敗 : 限定公開
限定公開の仕事
[log: 2021-01-04-00-46-55] list index out of range
[log: 2021-01-04-00-46-56] 1件目成功 : 初回
YouTube広告用漫画動画の作成依頼
[log: 2021-01-04-00-46-56] 2件目成功 : NEW
【書き換えるだけの簡単作業！！】YouTubeサムネイル／イラストレーター
[log: 2021-01-04-00-46-56] 3件目成功 : NEW
メディアに掲載するマンガ制作のご依頼（1P7,000円、ラフあり・継続あり）
[log: 2021-01-04-00-46-56] 4件目成功 : NEW
漫画YouTubeチャンネルの 女性声優さんを募集します！
[log: 2021-01-04-00-46-57] 5件目成功 : NEW
【1枚あたり3000円~】YouTube漫画の制作【既存漫画の書き直し＋ページ追加】
[log: 2021-01-04-00-46-57] 6件目成功 : NEW
新しく開設するYoutubeチャンネルの漫画制作【１本6000円〜】のお仕事です★初心者歓迎★
[log: 2021-01-04-00-46-57] 7件目成功 : ※複数名募集※【1枚あたり2000円~】YouTube漫画・イラストの制作【継続】の仕事
[log: 2021-01-04-00-46-58] ランサーズ最終ページです。
[log: 2021-01-04-00-47-10] 8件目成功 : 【LINE広告】20歳以上男女限定！LINEのアプリに出てくる広告調査♪【簡単】
[log: 2021-01-04-00-47-10] 9件目成功 : 気軽に誰でもOK★あなたのオススメ海外旅行先を教えてください！【在宅OK・未経験OK 】
[log: 2021-01-04-00-47-10] 10件目成功 : スマホRPGゲームに関するアンケート ②(RPGゲーム経験者向け）
[log: 2021-01-04-00-47-11] 11件目成功 : キャンプ版民泊、遊休地のシェアリングサービスキャッチコピー
[log: 2021-01-04-00-47-11] 12件目成功 : 日本料理を世界にということで「調和」「ハーモニー」「地域」などをキワードに社名を募集いたします！
[log: 2021-01-04-00-47-11] 13件目成功 : 【簡単】Amazonにおける商品検索作業をお願いします
[log: 2021-01-04-00-47-11] 14件目成功 : 【未経験者歓迎！超簡単】アニメの感想を100文字程度で！
[log: 2021-01-04-00-47-11] 15件目成功 : 【全国OK】【スマホOK】【１キーワード30円】検索順位の調査及びサイト表示の正確性のお仕事a-103
[log: 2021-01-04-00-47-11] 16件目成功 : 【商品名募集】犬用ダイエットフード のネーミングを募集
[log: 2021-01-04-00-47-12] 17件目成功 : 【簡単♪TV番組感想】2020年12月30日（水）放送のTV番組の感想を100文字で！
[log: 2021-01-04-00-47-12] クラウドワークス最終ページです。
[log: 2021-01-04-00-47-12] 処理完了 成功件数: 17 件 / 失敗件数: 1 件
