[log: 2020-12-31-02-55-12] 0件目成功 : iphone,ipad アプリケーションの開発
[log: 2020-12-31-02-55-12] 1件目成功 : iPhone／iPad アプリケーションの開発
[log: 2020-12-31-02-55-13] 2件目成功 : シンプルな写真撮影のアプリ開発
[log: 2020-12-31-02-55-13] 3件目成功 : iosチャットアプリの新規開発
[log: 2020-12-31-02-55-13] 4件目成功 : スマートフォンアプリの開発　リモート可
[log: 2020-12-31-02-55-14] 5件目成功 : iOSアプリのコード改修と投稿画面の修正
[log: 2020-12-31-02-55-15] 6件目成功 : すれ違い通信のアプリ開発依頼
[log: 2020-12-31-02-55-15] 7件目成功 : iOS用チャットアプリ製作依頼
[log: 2020-12-31-02-55-16] 8件目成功 : すれ違い通信のアプリ開発依頼
[log: 2020-12-31-02-55-16] 9件目成功 : スケジュール管理アプリ修正と追加
[log: 2020-12-31-02-55-16] 10件目成功 : 大喜利を活用したiOSアプリの開発依頼
[log: 2020-12-31-02-55-16] 11件目成功 : 位置情報共有サービスのIOSアプリ開発
[log: 2020-12-31-02-55-16] 12件目成功 : Instagramのようなアプリ
[log: 2020-12-31-02-55-17] 13件目成功 : 保険買い付けアプリの制作
[log: 2020-12-31-02-55-17] 14件目成功 : 動画配信CMSの改修
[log: 2020-12-31-02-55-17] 15件目成功 : 小規模コンソールゲームライクなアプリのプログラマー募集「在宅」
[log: 2020-12-31-02-55-18] 16件目成功 : 高機能「サッカー戦術ボードアプリ」開発
[log: 2020-12-31-02-55-24] 17件目成功 : アプリの開発依頼
[log: 2020-12-31-02-55-27] 18件目成功 : インターネット上の辞書を活用したiOSアプリの開発依頼
[log: 2020-12-31-02-55-27] 18件目成功 : NEW
UnityのPlugin開発(android, ios)
[log: 2020-12-31-02-55-27] 18件目成功 : NEW
ポイントカードシステムのスマホアプリ開発（Flutter）
[log: 2020-12-31-02-55-27] 21件目成功 : NEW
【フルリモート / 時間単価3,500円】Flutterエンジニア (Dart)
[log: 2020-12-31-02-55-27] 22件目成功 : 初回
歩数計のアプリ開発（携帯アプリ）
[log: 2020-12-31-02-55-27] 23件目成功 : NEW
ライブ配信アプリ（iOS、Swift）の機能追記・改修
[log: 2020-12-31-02-55-27] 24件目成功 : 不動産売買物件の物件紹介アプリの作成依頼（ios/android）
[log: 2020-12-31-02-55-28] 25件目成功 : お力をお貸しいただきたいです!iOS、Android両用のチャットアプリを制作☆☆
[log: 2020-12-31-02-55-28] 26件目成功 : NEW
Unityで開発したスマホゲームへのガチャ演出実装
[log: 2020-12-31-02-55-28] 27件目成功 : 既存iOSアプリにかんたんな課金ガチャの実装をお願いします
[log: 2020-12-31-02-55-28] 28件目成功 : 初回
リアルタイム商品番号認識アプリ
[log: 2020-12-31-02-55-28] 29件目成功 : 位置情報共有サービスのIOSアプリ開発
[log: 2020-12-31-02-55-29] 30件目成功 : 新しいストリーミングアプリのプロトタイプ開発
[log: 2020-12-31-02-55-29] 31件目成功 : 保活中、子育て中のお母さん、お父さんに向けての子育てサポートアプリ開発について
[log: 2020-12-31-02-55-29] 32件目成功 : マッチングアプリの改修及び調整（細かい機能追加有）随時相談乗ります！
[log: 2020-12-31-02-55-29] 33件目成功 : 小規模コンソールゲームライクなアプリのプログラマー募集「在宅」
[log: 2020-12-31-02-55-29] 34件目成功 : 在庫管理・商材受発注管理アプリの構築
[log: 2020-12-31-02-55-29] 35件目成功 : アンケート機能を利用したアプリ制作依頼
[log: 2020-12-31-02-55-30] 36件目成功 : マッチングサイト構築案件
[log: 2020-12-31-02-55-30] 37件目成功 : NEW
初回
マッチングアプリTinderのバグを直して欲しい
[log: 2020-12-31-02-55-30] 38件目成功 : マッチングサイト
[log: 2020-12-31-02-55-30] 39件目成功 : 【在宅】小規模でコンソールゲームライクなアプリのプログラマー募集【３ヶ月程度】
[log: 2020-12-31-02-55-30] 40件目成功 : 世界向けアプリの開発依頼
[log: 2020-12-31-02-55-31] 41件目成功 : フリマサイト構築案件
[log: 2020-12-31-02-55-31] クラウドワークス最終ページです。終了します。
[log: 2020-12-31-02-55-54] ランサーズ最終ページです。終了します。
