[log: 2020-12-31-02-23-09] 0件目成功 : Facebook APIを利用したシステム開発の経験ある人求む！！！！
[log: 2020-12-31-02-23-09] 1件目成功 : 動画配信CMSの改修
[log: 2020-12-31-02-23-09] 2件目成功 : 【至急】楽天サイトのカート不具合の解消・構築依頼
[log: 2020-12-31-02-23-09] 3件目成功 : くじ引き要素のあるECサイト構築
[log: 2020-12-31-02-23-09] 4件目成功 : ★報酬30万円！ECサイトの自動出品ツール開発
[log: 2020-12-31-02-23-09] 5件目成功 : RPA・ディープラーニング・AIのコーチ
[log: 2020-12-31-02-23-09] 6件目成功 : EC-CUBE のカスタマイズ
[log: 2020-12-31-02-23-10] 7件目成功 : Unity3D シミュレーションソフトの開発
[log: 2020-12-31-02-23-10] 8件目成功 : 講師急募！SAP Basis の研修
[log: 2020-12-31-02-23-10] 9件目成功 : C＃で作成した基幹システム（在庫管理）のリプレイス
[log: 2020-12-31-02-23-10] 10件目成功 : 自社新規事業のシステム開発（バックエンド）
[log: 2020-12-31-02-23-10] 11件目成功 : フル在宅　進行管理　コミュニケーション多め　出版社公式YouTube運営
[log: 2020-12-31-02-23-10] 12件目成功 : 【LINE@の制作・デザイン】
[log: 2020-12-31-02-23-10] 13件目成功 : マッチングサイト構築案件
[log: 2020-12-31-02-23-11] 14件目成功 : 翻訳システム開発ヘルプ募集（オブザーバー）
[log: 2020-12-31-02-23-11] 15件目成功 : 【長期案件：パートナー募集】当社システムの保守および開発を長く携わって頂ける方
[log: 2020-12-31-02-23-11] 16件目成功 : 現サイト（WordPress+EC-CUBE2.12）をEC-CUBE4へ移行
[log: 2020-12-31-02-23-11] 17件目成功 : 新規ウィジェットの追加
[log: 2020-12-31-02-23-11] 18件目成功 : CMSに沿ったデザイン案件
[log: 2020-12-31-02-23-11] 19件目成功 : Ui Pathを使ったECサイトの受注管理・発注業務の自動化にご協力頂ける方を探しております。
[log: 2020-12-31-02-23-11] 20件目成功 : ツイッターの自動化ツールの開発をお願いします。
[log: 2020-12-31-02-23-12] 21件目成功 : 仮想通貨 mmbot 作成依頼
[log: 2020-12-31-02-23-12] 22件目成功 : 【完全在宅/副収入◎/教育】Ruby学習をサポートするメンター（講師）業務の募集！
[log: 2020-12-31-02-23-12] 23件目成功 : ElasticSearchデータの整理（SJTS）
[log: 2020-12-31-02-23-12] 24件目成功 : 「サイト構築・ウェブ開発」のご相談です
[log: 2020-12-31-02-23-12] 25件目成功 : ASP スマホアプリトラッキング機能の追加開発
[log: 2020-12-31-02-23-12] 26件目成功 : Railsアプリの実装を手伝ってくださる方
[log: 2020-12-31-02-23-13] 27件目成功 : オンラインサイトのバリアントコードを調べるツール作成
[log: 2020-12-31-02-23-13] 28件目成功 : 特定URLの自動巡回ツールの開発
[log: 2020-12-31-02-23-13] 29件目成功 : 【完全在宅/副収入◎/教育】 Python/AI学習をサポートするメンター（講師）業務の募集！（※Pythonのみ応募も可）
[log: 2020-12-31-02-23-13] 30件目成功 : Amazon SP-API、MWS用に開発者カウント取得のお手伝い
[log: 2020-12-31-02-23-13] 31件目成功 : stripe elementsを用いたspaの修正
[log: 2020-12-31-02-23-13] 32件目成功 : gmailとチャットワーク、dropbox連携システム
[log: 2020-12-31-02-23-13] 33件目成功 : Pythonを使ったシステムの作り方を教えてください。
[log: 2020-12-31-02-23-14] 34件目成功 : 【 Laravel 】勤務実績管理のシステム補修
[log: 2020-12-31-02-23-14] 35件目成功 : 【Zoomyテーマの改良】プロフィールページにコメント一覧・いいね一覧のタブを追加
[log: 2020-12-31-02-23-14] 36件目成功 : Twitter API を用いてキーワード検索で引っかかった投稿をリスト化
[log: 2020-12-31-02-23-14] 37件目成功 : AIモデルのフレームワークの書き換え作業（Tensor flow ver1→pytorch）
[log: 2020-12-31-02-23-14] 38件目成功 : 【競馬】日刊コンピの分析について #日刊スポーツ
[log: 2020-12-31-02-23-15] 39件目成功 : 【Webおよびリモートデスクトップ上での3～5時間の作業＆アンケート】Javaによる実務経験3年以上の方、追加募集
[log: 2020-12-31-02-23-15] 40件目成功 : サイトの表示速度改善
[log: 2020-12-31-02-23-15] 41件目成功 : 顧客SNSパスワードの暗号化受信及びシステムへのパスワード復号化
[log: 2020-12-31-02-23-15] 42件目成功 : 【京都】ベンチャーにてUnity製ゲーム開発
[log: 2020-12-31-02-23-15] 43件目成功 : インフルエンサーの管理システムについて
[log: 2020-12-31-02-23-15] 44件目成功 : 夜間・在宅でのお仕事　Salesforceエンジニア求む！
[log: 2020-12-31-02-23-15] 45件目成功 : 不動産投資型のクラウドファンディングサイト・システムの開発
[log: 2020-12-31-02-23-16] 46件目成功 : 企業Webサイトの静的ページコーディング
[log: 2020-12-31-02-23-16] 47件目成功 : 小規模会員サイトのプログラミング
[log: 2020-12-31-02-23-16] 48件目成功 : オンラインカジノ自動ツール作成の依頼
[log: 2020-12-31-02-23-16] 49件目成功 : 在庫管理システムの構築
[log: 2020-12-31-02-23-16] 50件目成功 : 「サイト構築・ウェブ開発」のお仕事のご相談
[log: 2020-12-31-02-23-22] 51件目成功 : Facebook APIを利用したシステム開発の経験ある人求む！！！！
[log: 2020-12-31-02-23-23] 52件目成功 : 画像データの色別集計プログラムの作成
[log: 2020-12-31-02-23-23] 53件目成功 : 簡単なDB検索と作図サイトの改修
[log: 2020-12-31-02-23-23] 54件目成功 : 【業務委託】完全リモートのエンジニア募集！
[log: 2020-12-31-02-23-23] 55件目成功 : ArtGridから、ジャンルごとに動画素材をダウンロードし、googleドライブにアップロードする
[log: 2020-12-31-02-23-23] 56件目成功 : 【情報リサーチ】クレジットカードの有効期限切れで新カードに変えても月次決済を継続できる決済代行システム
[log: 2020-12-31-02-23-23] 57件目成功 : MT4インジケーターのカスタム依頼
[log: 2020-12-31-02-23-23] 58件目成功 : Laravel（PHP）とJavaScriptでのWebアプリ開発案件
[log: 2020-12-31-02-23-24] 59件目成功 : マッチング機能の開発
[log: 2020-12-31-02-23-24] 60件目成功 : アマゾンからデータ抽出してスプレッドシートもしくはCSVに出力できるソフト開発
[log: 2020-12-31-02-23-24] 61件目成功 : 【急募】関税計算ツール【スプレッドシート】
[log: 2020-12-31-02-23-24] 62件目成功 : Excel帳簿管理シート作成　オンライン物販作業代行業者向け　配送料、代行依頼費、雑費等入力
[log: 2020-12-31-02-23-24] 63件目成功 : FXのEA（MT4での自動売買）開発（※既にソースコードがあるため、主に改修となります）
[log: 2020-12-31-02-23-24] 64件目成功 : SNSサービスの開発依頼
[log: 2020-12-31-02-23-24] 65件目成功 : 【急募】BUYMAの商品登録をお願いします【未経験者OK】(スキマ時間で！）
[log: 2020-12-31-02-23-25] 66件目成功 : オンライン診療支援の開発
[log: 2020-12-31-02-23-25] 67件目成功 : 自社不動産事業ウェブサイトのグーグルアナリティクスの分析、SEO対策のアドバイス業務
[log: 2020-12-31-02-23-25] 68件目成功 : Rails アプリケーションの開発
[log: 2020-12-31-02-23-25] 69件目成功 : 【フルリモート案件/継続依頼あり】仕事の悩みを解決するためのWebサービス（SaaS）の開発
[log: 2020-12-31-02-23-25] 70件目成功 : ワードプレス（メニューのみ）
[log: 2020-12-31-02-23-25] 71件目成功 : 不動産情報検索サイトの構築
[log: 2020-12-31-02-23-26] 72件目成功 : リンク遷移時にロード画面を表示する機能・絞り込み検索の結果を並び替える機能の開発【WordPress埋め込み】
[log: 2020-12-31-02-23-26] 73件目成功 : Laravel-AdminのCSVの文字化け修正
[log: 2020-12-31-02-23-26] 74件目成功 : HTMLコーディング＋応募フォーム制作
[log: 2020-12-31-02-23-26] 75件目成功 : Pythonでのクローラ開発とクロール
[log: 2020-12-31-02-23-26] 76件目成功 : JavaScriptで積立投資信託シミュレーションシステムの構築
[log: 2020-12-31-02-23-26] 77件目成功 : 中国語が得意な人・好きな人方歓迎　主婦さん歓迎　服が好きな人大歓迎
[log: 2020-12-31-02-23-27] 78件目成功 : ヤフオクとメルカリの落札履歴をCSV形式でダウンロードするツールの開発
[log: 2020-12-31-02-23-27] 79件目成功 : ブラウザ版のTikTok動画を保存出来るシステムの開発
[log: 2020-12-31-02-23-27] 80件目成功 : 株取引のHFTシステムの作成依頼
[log: 2020-12-31-02-23-27] 81件目成功 : メールのセキュリティ強化
[log: 2020-12-31-02-23-27] 82件目成功 : AWSからxserverへのサーバー移転
[log: 2020-12-31-02-23-27] 83件目成功 : 事業細分化に伴うアクセス数が取れるサイトの作成
[log: 2020-12-31-02-23-28] 84件目成功 : 野球データ系YouTubeチャンネルのデータ収集とエクセル作成
[log: 2020-12-31-02-23-28] 85件目成功 : 観光業（飲食、物販、運送、写真館）既存HP,ECに追加で宝くじ機能を追加
[log: 2020-12-31-02-23-28] 86件目成功 : 【Excel制作】海外発送の料金比較表の作成！【安い郵送方法の算出】【見積もり希望】【追加依頼あり】
[log: 2020-12-31-02-23-28] 87件目成功 : Oracleサーバーの構築・管理(運用)
[log: 2020-12-31-02-23-28] 88件目成功 : ローカルの指定ディレクトリにある全てのファイルのパスを取得する関数を書いてください
[log: 2020-12-31-02-23-28] 89件目成功 : MT4自動売買EAの作成依頼、又は買取
[log: 2020-12-31-02-23-29] 90件目成功 : 【急募！】写真フォルダからのエクセルファイル転送用マクロ構築【要スキル！】
[log: 2020-12-31-02-23-29] 91件目成功 : ブックメーカーの自動ツール開発
[log: 2020-12-31-02-23-29] 92件目成功 : Excelで実施回数のカウントと集計
[log: 2020-12-31-02-23-29] 93件目成功 : 変動幅型のナンピンEAの作成依頼。
[log: 2020-12-31-02-23-29] 94件目成功 : WindowsからAndroidへの移行
[log: 2020-12-31-02-23-30] 95件目成功 : 中国語が得意な人・好きな人方歓迎　主婦さん歓迎　服が好きな人大歓迎
[log: 2020-12-31-02-23-30] 96件目成功 : 主婦おすすめ！ BUYMAの出品登録のみ＾＾簡単作業⭐️
[log: 2020-12-31-02-23-30] 97件目成功 : CGM系のサービスでキャンペーン機能やタイアップ関連機能を実装されたことがある方
[log: 2020-12-31-02-23-30] 98件目成功 : 『簡易システム』Instagramリールの保存機能
[log: 2020-12-31-02-23-30] 99件目成功 : Yahooストア　ヤフーショッピング 指定したショップの商品情報を取得するツール作成
[log: 2020-12-31-02-23-31] 100件目成功 : CtoCのサイト構築パッケージ「Mallento」のカスタマイズ
[log: 2020-12-31-02-23-37] 101件目成功 : Facebook APIを利用したシステム開発の経験ある人求む！！！！
[log: 2020-12-31-02-23-37] 102件目成功 : 自社新規事業のシステム開発（フロント）
[log: 2020-12-31-02-23-38] 103件目成功 : シェアリングエコノミー型人材マッチングプラットフォームの開発
[log: 2020-12-31-02-23-38] 104件目成功 : MT4の注文発注ツールの作成依頼
[log: 2020-12-31-02-23-38] 105件目成功 : MT4におけるティックデータを使った通貨の強弱を表すインジケーター作成
[log: 2020-12-31-02-23-39] 106件目成功 : ASPシステムエラーの改善（アフィリエイトサービスプロバイダ）
[log: 2020-12-31-02-23-39] 107件目成功 : Instagram APIを使ったシステム開発
[log: 2020-12-31-02-23-39] 108件目成功 : 【プロ限定】メールに添付のデータを会員サイトで特定の会員だけに表示するソフト制作依頼
[log: 2020-12-31-02-23-39] 109件目成功 : Shopifyアプリ開発のPM／ブリッジエンジニア（要件定義、進捗管理、テストなど）
[log: 2020-12-31-02-23-39] 110件目成功 : 基幹システムのバージョンアップ
[log: 2020-12-31-02-23-39] 111件目成功 : PageSpeed Insightsで100点を目指したい！
[log: 2020-12-31-02-23-39] 112件目成功 : 車両整備/販売店連携用の会員制ポータルサイトの構築（運営）
[log: 2020-12-31-02-23-40] 113件目成功 : 【報酬要相談】ショッピングサイトから商品データ抽出のシステム開発
[log: 2020-12-31-02-23-40] 114件目成功 : 作業ログ取得ツールの作成
[log: 2020-12-31-02-23-40] 115件目成功 : 翻訳システム開発のヘルプ募集
[log: 2020-12-31-02-23-40] 116件目成功 : 【急募】短縮URL制作とリンク切れ時の表示URLの一括変更ソフト制作　単体ソフト
[log: 2020-12-31-02-23-40] 117件目成功 : LaravelでTurboLinksを使って擬似SPA化をされたことがある方にアドバイスを頂きたいです
[log: 2020-12-31-02-23-40] 118件目成功 : 海外の通販サイトから商品情報を取得しCSVで納品してくれる方を募集します。
[log: 2020-12-31-02-23-41] 119件目成功 : オンラインカジノ自動化ツール作成の依頼
[log: 2020-12-31-02-23-41] 120件目成功 : インフルエンサーマーケティングツールの開発
[log: 2020-12-31-02-23-41] 121件目成功 : YouTubeから広告を自動収集するツールの作成
[log: 2020-12-31-02-23-41] 122件目成功 : 【急募】Javaサブ講師
[log: 2020-12-31-02-23-41] 123件目成功 : EXCELの表をより入力しやすくわかりやすく改良してください。
[log: 2020-12-31-02-23-41] 124件目成功 : サイト巡回システム
[log: 2020-12-31-02-23-41] 125件目成功 : 【競馬】netkeiba.comから払戻データをcsvに変換してほしいです
[log: 2020-12-31-02-23-42] 126件目成功 : 【見積もり希望】Excelマクロの機能追加+顧客管理ソフトをAccessで作り変え
[log: 2020-12-31-02-23-42] 127件目成功 : 仮想通貨の取引所間の価格差をアラートしてくれるツールを作れる方を募集します
[log: 2020-12-31-02-23-42] 128件目成功 : オンプレ　サーバエンジニア
[log: 2020-12-31-02-23-42] 129件目成功 : マッチングサイトパッケージのカスタマイズ、デザインとコーディング、アプリ
[log: 2020-12-31-02-23-42] 130件目成功 : 色値lab値を用いたデータの補正
[log: 2020-12-31-02-23-42] 131件目成功 : オンライン校正＋辞書登録
[log: 2020-12-31-02-23-42] 132件目成功 : 飲食店向けのECサイト開発（①顧客がスマホで注文②注文内容をキッチンプリンタへ連携③QRコード決済）
[log: 2020-12-31-02-23-43] 133件目成功 : laravel + vueを使ったサイドバーのある管理画面の作成。画面1画面と単純なユーザー管理。早期決定あり
[log: 2020-12-31-02-23-43] 134件目成功 : Googleスライドの自動印刷プログラムの作成
[log: 2020-12-31-02-23-43] 135件目成功 : 【要お見積り】パッケージ利用を中心としたシステム再構築のコーディネイト
[log: 2020-12-31-02-23-43] 136件目成功 : WindowsのDirectX9で動いていたソースコードをDirectX12に書き直すだけのお仕事です。
[log: 2020-12-31-02-23-43] 137件目成功 : 楽天市場における在庫監視ツールの作成(入荷通知)
[log: 2020-12-31-02-23-43] 138件目成功 : xserverサーバー復旧までの作業 仕事の概要
[log: 2020-12-31-02-23-43] 139件目成功 : システム会社の実態を教えてください。
[log: 2020-12-31-02-23-44] 140件目成功 : スタイリストサービスのマッチングサイト
[log: 2020-12-31-02-23-44] 141件目成功 : メルマガシステム
[log: 2020-12-31-02-23-44] 142件目成功 : perlで作られたフリーCGIをPHPで書き換え
[log: 2020-12-31-02-23-44] 143件目成功 : Pocketで保存した記事を、ショートカットキーで一括で開くChromeの拡張機能orブックマークレットの制作
[log: 2020-12-31-02-23-44] 144件目成功 : 「サイト構築・ウェブ開発」のお仕事のご相談
[log: 2020-12-31-02-23-44] 145件目成功 : 【Googleアナリティクス】アドオンを使った情報自動取得の生成
[log: 2020-12-31-02-23-44] 146件目成功 : wordpress のフォームと　Paid決済（BtoB決済）の連携
[log: 2020-12-31-02-23-45] 147件目成功 : AutoHotKeyの活用方法をお教えください
[log: 2020-12-31-02-23-45] 148件目成功 : FAQプラットフォーム discourseの構築
[log: 2020-12-31-02-23-45] 149件目成功 : 時計のカスタムメイドのシュミレーションサイト構築
[log: 2020-12-31-02-23-45] 150件目成功 : キマROOMの物件システムとの連動について
[log: 2020-12-31-02-23-45] 151件目成功 : 弊社SNSで使用するアンケート作成
