[log: 2020-12-31-03-08-49] 0件目成功 : ゲーム系コンテンツサイト制作
[log: 2020-12-31-03-08-50] 1件目成功 : ブログのデザイン・コーディング
[log: 2020-12-31-03-08-51] 2件目成功 : 【報酬20万円】クリニックのコーポレートサイト作成をお願いできる方を募集！
[log: 2020-12-31-03-08-51] 3件目成功 : 漫画・ラノベサイトの製作・コーディング作業
[log: 2020-12-31-03-08-52] 4件目成功 : 開発中のCMSについて、インタビューに答えて頂ける方を募集しています。
[log: 2020-12-31-03-08-59] 5件目成功 : 背景の仕掛け部分の作成のみ
[log: 2020-12-31-03-09-07] 6件目成功 : NEW
初回
【WordPress】日本酒を作っている老舗酒造のHP制作(topページのみ)
[log: 2020-12-31-03-09-14] 7件目成功 : 当社製品紹介サイトの作成
[log: 2020-12-31-03-09-15] 7件目成功 : ECサイトのフロントエンドコーディング
[log: 2020-12-31-03-09-18] 9件目成功 : NEW
2回目
PR
営業代行企業のLP制作者募集
[log: 2020-12-31-03-09-18] 10件目成功 : NEW
コーディング済サイトの一部修正 (1ページ)
[log: 2020-12-31-03-09-19] 11件目成功 : 2回目
新規小児科クリニックのホームページ作成
[log: 2020-12-31-03-09-20] 12件目成功 : 2回目
土木工事会社のホームページリニューアル
[log: 2020-12-31-03-09-20] 13件目成功 : 初回
女性向けセレクトショップのホームページ作成
[log: 2020-12-31-03-09-21] 14件目失敗 : NEW
限定公開
限定公開の仕事
[log: 2020-12-31-03-09-21] list index out of range
[log: 2020-12-31-03-09-22] 15件目失敗 : NEW
限定公開
限定公開の仕事
[log: 2020-12-31-03-09-22] list index out of range
[log: 2020-12-31-03-09-23] 16件目成功 : 2回目
教育ファームを軸とする農家のホームページ制作
[log: 2020-12-31-03-09-23] 17件目成功 : 【継続・高単価】コンサルティング企業のLP（ランディングページ）制作
[log: 2020-12-31-03-09-23] 18件目成功 : NEW
ホームページのコーディング(レスポンシブ)
[log: 2020-12-31-03-09-23] 16件目成功 : 【実績作りに貢献します！】ホームページ作成お願いします！
[log: 2020-12-31-03-09-24] 18件目成功 : NEW
【継続受注可能な方】フロントコーダー募集
[log: 2020-12-31-03-09-24] 19件目成功 : 【再依頼】食肉加工卸売の会社のコーポレートサイトリニューアル
[log: 2020-12-31-03-09-24] 21件目成功 : NEW
急募
LPコーディング作業2件【デザイン支給・ひとつは納期1/4】
[log: 2020-12-31-03-09-25] 22件目成功 : NEW
初回
ロボット・プログラミング教室のランディングページ制作者様募集【フルリモートOK】
[log: 2020-12-31-03-09-25] 23件目成功 : オンライン展示会のフロントページのコーディング作業（デザインデータ有）【納期：1/6】
[log: 2020-12-31-03-09-25] 25件目成功 : 既存WIXサイトのブラッシュアップ
[log: 2020-12-31-03-09-26] 26件目成功 : NEW
3回目
不動産情報サイトの構築
[log: 2020-12-31-03-09-30] 27件目失敗 : 限定公開
限定公開の仕事
[log: 2020-12-31-03-09-30] list index out of range
[log: 2020-12-31-03-09-31] 28件目成功 : ECサイトの構築をお願いします。
[log: 2020-12-31-03-09-31] 28件目成功 : NEW
不動産投資セミナーのランディングページ（LP）制作
[log: 2020-12-31-03-09-32] 30件目成功 : 【長野】アウトドアショップのwebサイト制作
[log: 2020-12-31-03-09-32] 30件目成功 : NEW
WordPressによる学習塾HPの作成（新規全17ページ／1月末納品希望）
[log: 2020-12-31-03-09-34] 32件目成功 : Webサイトの作成に関して【見積もりの依頼】
[log: 2020-12-31-03-09-35] 33件目成功 : 【継続受注可能な方】フロントコーダー募集
[log: 2020-12-31-03-09-35] 34件目成功 : 簡単なコーディングです！
[log: 2020-12-31-03-09-36] 35件目成功 : 【報酬上限100万円】オンラインプログラミングスクールのサイト作成&開発をお願いできる方を募集！
[log: 2020-12-31-03-09-36] 35件目成功 : 酵素ドリンクのランディングページ制作 をお願いいたします。
[log: 2020-12-31-03-09-36] 36件目成功 : NEW
2回目
営業代行企業のLP制作者募集
[log: 2020-12-31-03-09-36] 38件目成功 : LPデザイン制作・コーディング・サイト公開作業【納期：1/4】
[log: 2020-12-31-03-09-36] 39件目成功 : NEW
2回目
【再依頼】食肉加工卸売の会社のコーポレートサイトリニューアル
[log: 2020-12-31-03-09-36] 40件目成功 : 新たに会員制サイト及び、ECサイトを立ち上げたいと思っています
[log: 2020-12-31-03-09-36] 41件目成功 : 企業HP作成
[log: 2020-12-31-03-09-37] 42件目成功 : FLASHから書き出したcreateJSによるサイトのモバイルなど各環境対応
[log: 2020-12-31-03-09-37] 43件目成功 : 建築デザイン会社HPのHTML,CSS,JSコーディング
[log: 2020-12-31-03-09-37] 44件目成功 : Wordpressを使用したフロントエンドコーディング
[log: 2020-12-31-03-09-38] 45件目成功 : 最低限のホームページとアドワーズ設定
[log: 2020-12-31-03-09-39] 46件目成功 : サイトのトップページのリニューアル
[log: 2020-12-31-03-09-40] 47件目成功 : NEW
XDで起こしたデザインをWordPressにて構築していただける方(コーディングのみ)
[log: 2020-12-31-03-09-40] 48件目成功 : 【報酬20～30万円】不要品回収サービスHPの新規作成・ＨＰアップをお願いできる方を募集！
[log: 2020-12-31-03-09-40] 49件目成功 : 既存HPの一部変更とLPの追加のご依頼
[log: 2020-12-31-03-09-41] 50件目成功 : 主婦・在宅ワーク♪隙間時間で簡単作業！バイマの出品作業をお手伝いしてくださる方を募集しています！！
[log: 2020-12-31-03-09-42] 51件目成功 : ダンスレッスン(対面、オンライン両者対応)のHP作成
[log: 2020-12-31-03-09-42] 52件目成功 : LPにStripeを実装してくれる方
[log: 2020-12-31-03-09-42] 53件目成功 : 中小企業向けコーポレートサイト制作をしていただける方を募集しております。
[log: 2020-12-31-03-09-43] 54件目成功 : 書籍紹介問い合わせLP作成
[log: 2020-12-31-03-09-43] 55件目成功 : ウエディング事業　WEBサイト作成
[log: 2020-12-31-03-09-43] 56件目成功 : コーポレートサイトのリニューアル
[log: 2020-12-31-03-09-44] 57件目成功 : コーディング済サイトの一部修正 (1ページ)
[log: 2020-12-31-03-09-44] 58件目成功 : シェアリングエコノミー系のサイト構築
[log: 2020-12-31-03-09-44] 58件目成功 : NEW
本出版のランディングページ制作およびコーディング
[log: 2020-12-31-03-09-44] 60件目成功 : １カラムレイアウトのシンプルなCSSデザイン(1ページのみ)
[log: 2020-12-31-03-09-44] 60件目成功 : NEW
3回目
急募
テンプレートを用いたWordPressでのHP制作
[log: 2020-12-31-03-09-45] 62件目成功 : 芸能事務所のようなタレントを掲載できるサイトを作りたい
[log: 2020-12-31-03-09-45] 63件目成功 : ワードプレスのデザイン依頼です！
[log: 2020-12-31-03-09-46] 64件目成功 : イラストやみたいなホームページ制作できる方
[log: 2020-12-31-03-09-46] 65件目成功 : 【急募！10000円】自社の法人サイト作成（シンプルな要素と和風の要素を入れてください）
[log: 2020-12-31-03-09-46] 66件目成功 : HPのコーディング
[log: 2020-12-31-03-09-46] 67件目成功 : ホームページ作成
[log: 2020-12-31-03-09-47] 68件目成功 : マッチングサイト構築案件
[log: 2020-12-31-03-09-47] 69件目成功 : マッチングサイト構築案件
[log: 2020-12-31-03-09-47] 70件目成功 : ワードプレスのデザイン依頼です
[log: 2020-12-31-03-09-47] 71件目成功 : マッチングサイト
[log: 2020-12-31-03-09-47] クラウドワークス最終ページです。終了します。
[log: 2020-12-31-03-10-28] 72件目成功 : NEW
システム開発会社のwordpressでのHP制作のご依頼
[log: 2020-12-31-03-10-28] 73件目成功 : NEW
2回目
PR
営業代行企業のLP制作者募集
[log: 2020-12-31-03-10-28] 74件目成功 : NEW
【スカルプ青汁】の記事LP作成
[log: 2020-12-31-03-10-29] 75件目成功 : 初回
データ設計を含む、Tableauでのダッシュボード作成
[log: 2020-12-31-03-10-32] 76件目成功 : NEW
注目
あきばれで作ったホームページのリメイク
[log: 2020-12-31-03-10-32] 77件目成功 : NEW
観光系ARアプリのUIデザイン（iPhone）
[log: 2020-12-31-03-10-32] 78件目成功 : NEW
マッチングサイトの開発
[log: 2020-12-31-03-10-33] 79件目成功 : 2回目
ワインショップ「Sommelier Due」のＬＰ制作のマンツーマン指導
[log: 2020-12-31-03-10-33] 80件目成功 : NEW
既存のホームページ内の一部をCMS導入にして、更新を簡単にできるようにしたいです
[log: 2020-12-31-03-10-34] 81件目成功 : NEW
注目
ShopifyのShogunを使用したランディングページ制作（１ページ）
[log: 2020-12-31-03-10-35] 82件目成功 : NEW
2回目
コンサルティングのランディングページ
[log: 2020-12-31-03-10-35] 83件目成功 : 経験者限定 | Amazon・楽天のランディングぺージLPの作成のお仕事
[log: 2020-12-31-03-10-35] 84件目成功 : NEW
WebサービスのマイページのUI設計・デザイン（PC / スマホ）
[log: 2020-12-31-03-10-35] 85件目成功 : NEW
包丁販売サイト（shopify）コーディング（レスポンシブ対応）
[log: 2020-12-31-03-10-35] 86件目成功 : NEW
初回
継続案件有:女性向けファッションEC「和風ルームウェア」の雑誌風LPデザインをお願いします
[log: 2020-12-31-03-10-35] 87件目成功 : コーディング 指示書作成(スプレットシート)
[log: 2020-12-31-03-10-35] 88件目成功 : 漫画・ラノベサイトの製作・コーディング作業
[log: 2020-12-31-03-10-35] 88件目成功 : NEW
ECサイトの商品ページの商品撮影・画像制作
[log: 2020-12-31-03-10-35] 88件目成功 : 2回目
ノーコード（プログラミングレス）環境のUIデザイン、イラスト作成
[log: 2020-12-31-03-10-35] 91件目成功 : 初回
一部上場企業のWebサイトリニューアルにおけるWebディレクション
[log: 2020-12-31-03-10-35] 92件目成功 : NEW
【継続受注可能な方】WEBサイト/LPデザイン デザイナー募集
[log: 2020-12-31-03-10-35] 93件目成功 : NEW
既存のセールスレターをオートSNS内で再構築できる方募集（デザイン・コーディング）
[log: 2020-12-31-03-10-36] 94件目成功 : NEW
台湾食器メーカーの公式HP作成、ECサイト構築（日本向け）
[log: 2020-12-31-03-10-36] 95件目成功 : NEW
【赤坂/週1来社あり】webデザイン制作・webサイト制作・LP制作のできる方を募集！【中長期】
[log: 2020-12-31-03-10-36] 96件目成功 : NEW
2回目
福祉施設の求人用Webサイト制作（STUDIOを使用）
[log: 2020-12-31-03-10-50] 97件目成功 : NEW
初回
wordpressマルチサイトをシングルサイトに変更できる方を探しています
[log: 2020-12-31-03-11-03] 98件目成功 : NEW
2回目
PR
営業代行企業のLP制作者募集
[log: 2020-12-31-03-11-16] 99件目成功 : NEW
2回目
PR
営業代行企業のLP制作者募集
[log: 2020-12-31-03-11-29] 100件目成功 : NEW
2回目
PR
営業代行企業のLP制作者募集
[log: 2020-12-31-03-11-41] 101件目成功 : NEW
2回目
PR
営業代行企業のLP制作者募集
[log: 2020-12-31-03-11-54] 102件目成功 : NEW
2回目
PR
営業代行企業のLP制作者募集
[log: 2020-12-31-03-12-06] 103件目成功 : NEW
2回目
PR
営業代行企業のLP制作者募集
[log: 2020-12-31-03-12-19] 104件目成功 : NEW
2回目
PR
営業代行企業のLP制作者募集
[log: 2020-12-31-03-12-31] 105件目成功 : NEW
2回目
PR
営業代行企業のLP制作者募集
[log: 2020-12-31-03-12-44] 106件目成功 : NEW
2回目
PR
営業代行企業のLP制作者募集
[log: 2020-12-31-03-13-17] 107件目成功 : NEW
2回目
PR
営業代行企業のLP制作者募集
[log: 2020-12-31-03-13-29] 108件目成功 : NEW
2回目
PR
営業代行企業のLP制作者募集
[log: 2020-12-31-03-13-42] 109件目成功 : NEW
2回目
PR
営業代行企業のLP制作者募集
[log: 2020-12-31-03-13-56] 110件目成功 : NEW
2回目
PR
営業代行企業のLP制作者募集
